{"/Users/AshleyLin1/rithm/exercises/jobly/app.js": {"path":"/Users/AshleyLin1/rithm/exercises/jobly/app.js","statementMap":{"0":{"start":{"line":5,"column":16},"end":{"line":5,"column":34}},"1":{"start":{"line":6,"column":13},"end":{"line":6,"column":28}},"2":{"start":{"line":8,"column":26},"end":{"line":8,"column":51}},"3":{"start":{"line":10,"column":28},"end":{"line":10,"column":56}},"4":{"start":{"line":11,"column":19},"end":{"line":11,"column":43}},"5":{"start":{"line":12,"column":24},"end":{"line":12,"column":53}},"6":{"start":{"line":13,"column":20},"end":{"line":13,"column":45}},"7":{"start":{"line":15,"column":15},"end":{"line":15,"column":32}},"8":{"start":{"line":17,"column":12},"end":{"line":17,"column":21}},"9":{"start":{"line":19,"column":0},"end":{"line":19,"column":16}},"10":{"start":{"line":20,"column":0},"end":{"line":20,"column":24}},"11":{"start":{"line":21,"column":0},"end":{"line":21,"column":24}},"12":{"start":{"line":22,"column":0},"end":{"line":22,"column":25}},"13":{"start":{"line":24,"column":0},"end":{"line":24,"column":29}},"14":{"start":{"line":25,"column":0},"end":{"line":25,"column":39}},"15":{"start":{"line":26,"column":0},"end":{"line":26,"column":31}},"16":{"start":{"line":30,"column":0},"end":{"line":32,"column":3}},"17":{"start":{"line":31,"column":2},"end":{"line":31,"column":28}},"18":{"start":{"line":35,"column":0},"end":{"line":43,"column":3}},"19":{"start":{"line":36,"column":2},"end":{"line":36,"column":64}},"20":{"start":{"line":36,"column":39},"end":{"line":36,"column":64}},"21":{"start":{"line":37,"column":17},"end":{"line":37,"column":34}},"22":{"start":{"line":38,"column":18},"end":{"line":38,"column":29}},"23":{"start":{"line":40,"column":2},"end":{"line":42,"column":5}},"24":{"start":{"line":45,"column":0},"end":{"line":45,"column":21}}},"fnMap":{"0":{"name":"(anonymous_0)","decl":{"start":{"line":30,"column":8},"end":{"line":30,"column":9}},"loc":{"start":{"line":30,"column":34},"end":{"line":32,"column":1}},"line":30},"1":{"name":"(anonymous_1)","decl":{"start":{"line":35,"column":8},"end":{"line":35,"column":9}},"loc":{"start":{"line":35,"column":39},"end":{"line":43,"column":1}},"line":35}},"branchMap":{"0":{"loc":{"start":{"line":36,"column":2},"end":{"line":36,"column":64}},"type":"if","locations":[{"start":{"line":36,"column":2},"end":{"line":36,"column":64}},{"start":{},"end":{}}],"line":36},"1":{"loc":{"start":{"line":37,"column":17},"end":{"line":37,"column":34}},"type":"binary-expr","locations":[{"start":{"line":37,"column":17},"end":{"line":37,"column":27}},{"start":{"line":37,"column":31},"end":{"line":37,"column":34}}],"line":37}},"s":{"0":1,"1":1,"2":1,"3":1,"4":1,"5":1,"6":1,"7":1,"8":1,"9":1,"10":1,"11":1,"12":1,"13":1,"14":1,"15":1,"16":1,"17":0,"18":1,"19":11,"20":0,"21":11,"22":11,"23":11,"24":1},"f":{"0":0,"1":11},"b":{"0":[0,11],"1":[11,0]},"_coverageSchema":"1a1c01bbd47fc00a2c39e90264f33305004495a9","hash":"929d56c87c0592856252001ca5cb592e01dbad3b"}
,"/Users/AshleyLin1/rithm/exercises/jobly/config.js": {"path":"/Users/AshleyLin1/rithm/exercises/jobly/config.js","statementMap":{"0":{"start":{"line":5,"column":0},"end":{"line":5,"column":27}},"1":{"start":{"line":6,"column":0},"end":{"line":6,"column":18}},"2":{"start":{"line":8,"column":19},"end":{"line":8,"column":57}},"3":{"start":{"line":10,"column":13},"end":{"line":10,"column":38}},"4":{"start":{"line":14,"column":2},"end":{"line":16,"column":44}},"5":{"start":{"line":22,"column":27},"end":{"line":22,"column":67}},"6":{"start":{"line":24,"column":0},"end":{"line":24,"column":35}},"7":{"start":{"line":25,"column":0},"end":{"line":25,"column":46}},"8":{"start":{"line":26,"column":0},"end":{"line":26,"column":45}},"9":{"start":{"line":27,"column":0},"end":{"line":27,"column":61}},"10":{"start":{"line":28,"column":0},"end":{"line":28,"column":50}},"11":{"start":{"line":29,"column":0},"end":{"line":29,"column":19}},"12":{"start":{"line":31,"column":0},"end":{"line":36,"column":2}}},"fnMap":{"0":{"name":"getDatabaseUri","decl":{"start":{"line":13,"column":9},"end":{"line":13,"column":23}},"loc":{"start":{"line":13,"column":26},"end":{"line":17,"column":1}},"line":13}},"branchMap":{"0":{"loc":{"start":{"line":8,"column":19},"end":{"line":8,"column":57}},"type":"binary-expr","locations":[{"start":{"line":8,"column":19},"end":{"line":8,"column":41}},{"start":{"line":8,"column":45},"end":{"line":8,"column":57}}],"line":8},"1":{"loc":{"start":{"line":10,"column":13},"end":{"line":10,"column":38}},"type":"binary-expr","locations":[{"start":{"line":10,"column":13},"end":{"line":10,"column":30}},{"start":{"line":10,"column":34},"end":{"line":10,"column":38}}],"line":10},"2":{"loc":{"start":{"line":14,"column":9},"end":{"line":16,"column":43}},"type":"cond-expr","locations":[{"start":{"line":15,"column":8},"end":{"line":15,"column":37}},{"start":{"line":16,"column":8},"end":{"line":16,"column":43}}],"line":14},"3":{"loc":{"start":{"line":16,"column":8},"end":{"line":16,"column":43}},"type":"binary-expr","locations":[{"start":{"line":16,"column":8},"end":{"line":16,"column":32}},{"start":{"line":16,"column":36},"end":{"line":16,"column":43}}],"line":16},"4":{"loc":{"start":{"line":22,"column":27},"end":{"line":22,"column":67}},"type":"cond-expr","locations":[{"start":{"line":22,"column":61},"end":{"line":22,"column":62}},{"start":{"line":22,"column":65},"end":{"line":22,"column":67}}],"line":22}},"s":{"0":1,"1":1,"2":1,"3":1,"4":2,"5":1,"6":1,"7":1,"8":1,"9":1,"10":1,"11":1,"12":1},"f":{"0":2},"b":{"0":[1,0],"1":[1,0],"2":[2,0],"3":[0,0],"4":[1,0]},"_coverageSchema":"1a1c01bbd47fc00a2c39e90264f33305004495a9","hash":"2a2cea2ab6ba146aac50fa5fc2d7f0aa34fdb11c"}
,"/Users/AshleyLin1/rithm/exercises/jobly/db.js": {"path":"/Users/AshleyLin1/rithm/exercises/jobly/db.js","statementMap":{"0":{"start":{"line":5,"column":19},"end":{"line":5,"column":32}},"1":{"start":{"line":6,"column":27},"end":{"line":6,"column":46}},"2":{"start":{"line":8,"column":11},"end":{"line":10,"column":2}},"3":{"start":{"line":12,"column":0},"end":{"line":12,"column":13}},"4":{"start":{"line":14,"column":0},"end":{"line":14,"column":20}}},"fnMap":{},"branchMap":{},"s":{"0":1,"1":1,"2":1,"3":1,"4":1},"f":{},"b":{},"_coverageSchema":"1a1c01bbd47fc00a2c39e90264f33305004495a9","hash":"86bafdd299ea565e7eb2202fda5a82fafc0621a0"}
,"/Users/AshleyLin1/rithm/exercises/jobly/expressError.js": {"path":"/Users/AshleyLin1/rithm/exercises/jobly/expressError.js","statementMap":{"0":{"start":{"line":11,"column":4},"end":{"line":11,"column":12}},"1":{"start":{"line":12,"column":4},"end":{"line":12,"column":27}},"2":{"start":{"line":13,"column":4},"end":{"line":13,"column":25}},"3":{"start":{"line":21,"column":4},"end":{"line":21,"column":24}},"4":{"start":{"line":29,"column":4},"end":{"line":29,"column":24}},"5":{"start":{"line":37,"column":4},"end":{"line":37,"column":24}},"6":{"start":{"line":45,"column":4},"end":{"line":45,"column":24}},"7":{"start":{"line":49,"column":0},"end":{"line":55,"column":2}}},"fnMap":{"0":{"name":"(anonymous_0)","decl":{"start":{"line":10,"column":2},"end":{"line":10,"column":3}},"loc":{"start":{"line":10,"column":31},"end":{"line":14,"column":3}},"line":10},"1":{"name":"(anonymous_1)","decl":{"start":{"line":20,"column":2},"end":{"line":20,"column":3}},"loc":{"start":{"line":20,"column":37},"end":{"line":22,"column":3}},"line":20},"2":{"name":"(anonymous_2)","decl":{"start":{"line":28,"column":2},"end":{"line":28,"column":3}},"loc":{"start":{"line":28,"column":40},"end":{"line":30,"column":3}},"line":28},"3":{"name":"(anonymous_3)","decl":{"start":{"line":36,"column":2},"end":{"line":36,"column":3}},"loc":{"start":{"line":36,"column":39},"end":{"line":38,"column":3}},"line":36},"4":{"name":"(anonymous_4)","decl":{"start":{"line":44,"column":2},"end":{"line":44,"column":3}},"loc":{"start":{"line":44,"column":39},"end":{"line":46,"column":3}},"line":44}},"branchMap":{"0":{"loc":{"start":{"line":20,"column":14},"end":{"line":20,"column":35}},"type":"default-arg","locations":[{"start":{"line":20,"column":24},"end":{"line":20,"column":35}}],"line":20},"1":{"loc":{"start":{"line":28,"column":14},"end":{"line":28,"column":38}},"type":"default-arg","locations":[{"start":{"line":28,"column":24},"end":{"line":28,"column":38}}],"line":28},"2":{"loc":{"start":{"line":36,"column":14},"end":{"line":36,"column":37}},"type":"default-arg","locations":[{"start":{"line":36,"column":24},"end":{"line":36,"column":37}}],"line":36},"3":{"loc":{"start":{"line":44,"column":14},"end":{"line":44,"column":37}},"type":"default-arg","locations":[{"start":{"line":44,"column":24},"end":{"line":44,"column":37}}],"line":44}},"s":{"0":11,"1":11,"2":11,"3":3,"4":2,"5":6,"6":0,"7":1},"f":{"0":11,"1":3,"2":2,"3":6,"4":0},"b":{"0":[0],"1":[2],"2":[0],"3":[0]},"_coverageSchema":"1a1c01bbd47fc00a2c39e90264f33305004495a9","hash":"af32e41339d8151bd3623198842cd365340fa236"}
,"/Users/AshleyLin1/rithm/exercises/jobly/helpers/sql.js": {"path":"/Users/AshleyLin1/rithm/exercises/jobly/helpers/sql.js","statementMap":{"0":{"start":{"line":3,"column":28},"end":{"line":3,"column":54}},"1":{"start":{"line":19,"column":15},"end":{"line":19,"column":40}},"2":{"start":{"line":20,"column":2},"end":{"line":20,"column":62}},"3":{"start":{"line":20,"column":25},"end":{"line":20,"column":62}},"4":{"start":{"line":22,"column":15},"end":{"line":24,"column":3}},"5":{"start":{"line":23,"column":22},"end":{"line":23,"column":68}},"6":{"start":{"line":26,"column":2},"end":{"line":29,"column":4}},"7":{"start":{"line":32,"column":0},"end":{"line":32,"column":41}}},"fnMap":{"0":{"name":"sqlForPartialUpdate","decl":{"start":{"line":18,"column":9},"end":{"line":18,"column":28}},"loc":{"start":{"line":18,"column":52},"end":{"line":30,"column":1}},"line":18},"1":{"name":"(anonymous_1)","decl":{"start":{"line":23,"column":4},"end":{"line":23,"column":5}},"loc":{"start":{"line":23,"column":22},"end":{"line":23,"column":68}},"line":23}},"branchMap":{"0":{"loc":{"start":{"line":20,"column":2},"end":{"line":20,"column":62}},"type":"if","locations":[{"start":{"line":20,"column":2},"end":{"line":20,"column":62}},{"start":{},"end":{}}],"line":20},"1":{"loc":{"start":{"line":23,"column":26},"end":{"line":23,"column":53}},"type":"binary-expr","locations":[{"start":{"line":23,"column":26},"end":{"line":23,"column":42}},{"start":{"line":23,"column":46},"end":{"line":23,"column":53}}],"line":23}},"s":{"0":1,"1":2,"2":2,"3":0,"4":2,"5":2,"6":2,"7":1},"f":{"0":2,"1":2},"b":{"0":[0,2],"1":[2,2]},"_coverageSchema":"1a1c01bbd47fc00a2c39e90264f33305004495a9","hash":"4a6f879d5c8d08b84b1c66469274d1b740eb5d93"}
,"/Users/AshleyLin1/rithm/exercises/jobly/helpers/tokens.js": {"path":"/Users/AshleyLin1/rithm/exercises/jobly/helpers/tokens.js","statementMap":{"0":{"start":{"line":3,"column":12},"end":{"line":3,"column":35}},"1":{"start":{"line":4,"column":23},"end":{"line":4,"column":43}},"2":{"start":{"line":9,"column":2},"end":{"line":10,"column":58}},"3":{"start":{"line":12,"column":16},"end":{"line":15,"column":3}},"4":{"start":{"line":17,"column":2},"end":{"line":17,"column":39}},"5":{"start":{"line":20,"column":0},"end":{"line":20,"column":33}}},"fnMap":{"0":{"name":"createToken","decl":{"start":{"line":8,"column":9},"end":{"line":8,"column":20}},"loc":{"start":{"line":8,"column":27},"end":{"line":18,"column":1}},"line":8}},"branchMap":{"0":{"loc":{"start":{"line":14,"column":13},"end":{"line":14,"column":34}},"type":"binary-expr","locations":[{"start":{"line":14,"column":13},"end":{"line":14,"column":25}},{"start":{"line":14,"column":29},"end":{"line":14,"column":34}}],"line":14}},"s":{"0":1,"1":1,"2":1,"3":1,"4":1,"5":1},"f":{"0":1},"b":{"0":[1,1]},"_coverageSchema":"1a1c01bbd47fc00a2c39e90264f33305004495a9","hash":"bb21b8a92df7298d3e813c8f27cf16aa344fcac7"}
,"/Users/AshleyLin1/rithm/exercises/jobly/middleware/auth.js": {"path":"/Users/AshleyLin1/rithm/exercises/jobly/middleware/auth.js","statementMap":{"0":{"start":{"line":5,"column":12},"end":{"line":5,"column":35}},"1":{"start":{"line":6,"column":23},"end":{"line":6,"column":43}},"2":{"start":{"line":7,"column":30},"end":{"line":7,"column":56}},"3":{"start":{"line":19,"column":21},"end":{"line":19,"column":47}},"4":{"start":{"line":20,"column":2},"end":{"line":28,"column":3}},"5":{"start":{"line":21,"column":18},"end":{"line":21,"column":62}},"6":{"start":{"line":23,"column":4},"end":{"line":27,"column":5}},"7":{"start":{"line":24,"column":6},"end":{"line":24,"column":54}},"8":{"start":{"line":29,"column":2},"end":{"line":29,"column":16}},"9":{"start":{"line":39,"column":2},"end":{"line":39,"column":47}},"10":{"start":{"line":39,"column":33},"end":{"line":39,"column":47}},"11":{"start":{"line":40,"column":2},"end":{"line":40,"column":32}},"12":{"start":{"line":44,"column":0},"end":{"line":47,"column":2}}},"fnMap":{"0":{"name":"authenticateJWT","decl":{"start":{"line":18,"column":9},"end":{"line":18,"column":24}},"loc":{"start":{"line":18,"column":41},"end":{"line":31,"column":1}},"line":18},"1":{"name":"ensureLoggedIn","decl":{"start":{"line":38,"column":9},"end":{"line":38,"column":23}},"loc":{"start":{"line":38,"column":40},"end":{"line":41,"column":1}},"line":38}},"branchMap":{"0":{"loc":{"start":{"line":20,"column":2},"end":{"line":28,"column":3}},"type":"if","locations":[{"start":{"line":20,"column":2},"end":{"line":28,"column":3}},{"start":{},"end":{}}],"line":20},"1":{"loc":{"start":{"line":39,"column":2},"end":{"line":39,"column":47}},"type":"if","locations":[{"start":{"line":39,"column":2},"end":{"line":39,"column":47}},{"start":{},"end":{}}],"line":39}},"s":{"0":1,"1":1,"2":1,"3":18,"4":18,"5":9,"6":9,"7":9,"8":18,"9":11,"10":9,"11":2,"12":1},"f":{"0":18,"1":11},"b":{"0":[9,9],"1":[9,2]},"_coverageSchema":"1a1c01bbd47fc00a2c39e90264f33305004495a9","hash":"8901008dff917de67035adf137ccb4db32cf6327"}
,"/Users/AshleyLin1/rithm/exercises/jobly/models/company.js": {"path":"/Users/AshleyLin1/rithm/exercises/jobly/models/company.js","statementMap":{"0":{"start":{"line":3,"column":11},"end":{"line":3,"column":27}},"1":{"start":{"line":4,"column":43},"end":{"line":4,"column":69}},"2":{"start":{"line":5,"column":32},"end":{"line":5,"column":57}},"3":{"start":{"line":20,"column":27},"end":{"line":26,"column":5}},"4":{"start":{"line":28,"column":4},"end":{"line":29,"column":64}},"5":{"start":{"line":29,"column":6},"end":{"line":29,"column":64}},"6":{"start":{"line":31,"column":19},"end":{"line":46,"column":5}},"7":{"start":{"line":47,"column":20},"end":{"line":47,"column":34}},"8":{"start":{"line":49,"column":4},"end":{"line":49,"column":19}},"9":{"start":{"line":58,"column":21},"end":{"line":58,"column":23}},"10":{"start":{"line":60,"column":4},"end":{"line":70,"column":5}},"11":{"start":{"line":61,"column":6},"end":{"line":63,"column":7}},"12":{"start":{"line":62,"column":8},"end":{"line":62,"column":67}},"13":{"start":{"line":64,"column":6},"end":{"line":66,"column":7}},"14":{"start":{"line":65,"column":8},"end":{"line":65,"column":69}},"15":{"start":{"line":67,"column":6},"end":{"line":69,"column":7}},"16":{"start":{"line":68,"column":8},"end":{"line":68,"column":69}},"17":{"start":{"line":72,"column":4},"end":{"line":75,"column":46}},"18":{"start":{"line":77,"column":25},"end":{"line":85,"column":23}},"19":{"start":{"line":86,"column":4},"end":{"line":86,"column":29}},"20":{"start":{"line":98,"column":23},"end":{"line":108,"column":5}},"21":{"start":{"line":110,"column":20},"end":{"line":110,"column":38}},"22":{"start":{"line":112,"column":4},"end":{"line":112,"column":67}},"23":{"start":{"line":112,"column":18},"end":{"line":112,"column":67}},"24":{"start":{"line":114,"column":4},"end":{"line":114,"column":19}},"25":{"start":{"line":130,"column":32},"end":{"line":133,"column":6}},"26":{"start":{"line":134,"column":25},"end":{"line":134,"column":50}},"27":{"start":{"line":136,"column":21},"end":{"line":145,"column":34}},"28":{"start":{"line":146,"column":19},"end":{"line":146,"column":64}},"29":{"start":{"line":147,"column":20},"end":{"line":147,"column":34}},"30":{"start":{"line":149,"column":4},"end":{"line":149,"column":67}},"31":{"start":{"line":149,"column":18},"end":{"line":149,"column":67}},"32":{"start":{"line":151,"column":4},"end":{"line":151,"column":19}},"33":{"start":{"line":160,"column":19},"end":{"line":167,"column":5}},"34":{"start":{"line":168,"column":20},"end":{"line":168,"column":34}},"35":{"start":{"line":170,"column":4},"end":{"line":170,"column":67}},"36":{"start":{"line":170,"column":18},"end":{"line":170,"column":67}},"37":{"start":{"line":174,"column":0},"end":{"line":174,"column":25}}},"fnMap":{"0":{"name":"(anonymous_0)","decl":{"start":{"line":19,"column":2},"end":{"line":19,"column":3}},"loc":{"start":{"line":19,"column":76},"end":{"line":50,"column":3}},"line":19},"1":{"name":"(anonymous_1)","decl":{"start":{"line":57,"column":2},"end":{"line":57,"column":3}},"loc":{"start":{"line":57,"column":36},"end":{"line":87,"column":3}},"line":57},"2":{"name":"(anonymous_2)","decl":{"start":{"line":97,"column":2},"end":{"line":97,"column":3}},"loc":{"start":{"line":97,"column":27},"end":{"line":115,"column":3}},"line":97},"3":{"name":"(anonymous_3)","decl":{"start":{"line":129,"column":2},"end":{"line":129,"column":3}},"loc":{"start":{"line":129,"column":36},"end":{"line":152,"column":3}},"line":129},"4":{"name":"(anonymous_4)","decl":{"start":{"line":159,"column":2},"end":{"line":159,"column":3}},"loc":{"start":{"line":159,"column":30},"end":{"line":171,"column":3}},"line":159}},"branchMap":{"0":{"loc":{"start":{"line":28,"column":4},"end":{"line":29,"column":64}},"type":"if","locations":[{"start":{"line":28,"column":4},"end":{"line":29,"column":64}},{"start":{},"end":{}}],"line":28},"1":{"loc":{"start":{"line":61,"column":6},"end":{"line":63,"column":7}},"type":"if","locations":[{"start":{"line":61,"column":6},"end":{"line":63,"column":7}},{"start":{},"end":{}}],"line":61},"2":{"loc":{"start":{"line":64,"column":6},"end":{"line":66,"column":7}},"type":"if","locations":[{"start":{"line":64,"column":6},"end":{"line":66,"column":7}},{"start":{},"end":{}}],"line":64},"3":{"loc":{"start":{"line":67,"column":6},"end":{"line":69,"column":7}},"type":"if","locations":[{"start":{"line":67,"column":6},"end":{"line":69,"column":7}},{"start":{},"end":{}}],"line":67},"4":{"loc":{"start":{"line":73,"column":6},"end":{"line":75,"column":45}},"type":"cond-expr","locations":[{"start":{"line":74,"column":10},"end":{"line":74,"column":12}},{"start":{"line":75,"column":10},"end":{"line":75,"column":45}}],"line":73},"5":{"loc":{"start":{"line":112,"column":4},"end":{"line":112,"column":67}},"type":"if","locations":[{"start":{"line":112,"column":4},"end":{"line":112,"column":67}},{"start":{},"end":{}}],"line":112},"6":{"loc":{"start":{"line":149,"column":4},"end":{"line":149,"column":67}},"type":"if","locations":[{"start":{"line":149,"column":4},"end":{"line":149,"column":67}},{"start":{},"end":{}}],"line":149},"7":{"loc":{"start":{"line":170,"column":4},"end":{"line":170,"column":67}},"type":"if","locations":[{"start":{"line":170,"column":4},"end":{"line":170,"column":67}},{"start":{},"end":{}}],"line":170}},"s":{"0":1,"1":1,"2":1,"3":4,"4":4,"5":0,"6":4,"7":4,"8":4,"9":2,"10":2,"11":1,"12":0,"13":1,"14":1,"15":1,"16":0,"17":2,"18":2,"19":2,"20":3,"21":3,"22":3,"23":1,"24":2,"25":2,"26":2,"27":2,"28":2,"29":2,"30":2,"31":1,"32":1,"33":2,"34":2,"35":2,"36":1,"37":1},"f":{"0":4,"1":2,"2":3,"3":2,"4":2},"b":{"0":[0,4],"1":[0,1],"2":[1,0],"3":[0,1],"4":[1,1],"5":[1,2],"6":[1,1],"7":[1,1]},"_coverageSchema":"1a1c01bbd47fc00a2c39e90264f33305004495a9","hash":"f4d0f1417b780513097aa3b7fe2cc6405d41c832"}
,"/Users/AshleyLin1/rithm/exercises/jobly/models/user.js": {"path":"/Users/AshleyLin1/rithm/exercises/jobly/models/user.js","statementMap":{"0":{"start":{"line":3,"column":11},"end":{"line":3,"column":27}},"1":{"start":{"line":4,"column":15},"end":{"line":4,"column":32}},"2":{"start":{"line":5,"column":32},"end":{"line":5,"column":57}},"3":{"start":{"line":10,"column":4},"end":{"line":10,"column":30}},"4":{"start":{"line":12,"column":31},"end":{"line":12,"column":54}},"5":{"start":{"line":26,"column":19},"end":{"line":35,"column":5}},"6":{"start":{"line":37,"column":17},"end":{"line":37,"column":31}},"7":{"start":{"line":39,"column":4},"end":{"line":46,"column":5}},"8":{"start":{"line":41,"column":22},"end":{"line":41,"column":67}},"9":{"start":{"line":42,"column":6},"end":{"line":45,"column":7}},"10":{"start":{"line":43,"column":8},"end":{"line":43,"column":29}},"11":{"start":{"line":44,"column":8},"end":{"line":44,"column":20}},"12":{"start":{"line":48,"column":4},"end":{"line":48,"column":61}},"13":{"start":{"line":60,"column":27},"end":{"line":64,"column":5}},"14":{"start":{"line":66,"column":4},"end":{"line":68,"column":5}},"15":{"start":{"line":67,"column":6},"end":{"line":67,"column":67}},"16":{"start":{"line":70,"column":27},"end":{"line":70,"column":74}},"17":{"start":{"line":72,"column":19},"end":{"line":94,"column":5}},"18":{"start":{"line":96,"column":17},"end":{"line":96,"column":31}},"19":{"start":{"line":98,"column":4},"end":{"line":98,"column":16}},"20":{"start":{"line":107,"column":19},"end":{"line":115,"column":5}},"21":{"start":{"line":117,"column":4},"end":{"line":117,"column":23}},"22":{"start":{"line":129,"column":20},"end":{"line":137,"column":5}},"23":{"start":{"line":139,"column":17},"end":{"line":139,"column":32}},"24":{"start":{"line":141,"column":4},"end":{"line":141,"column":63}},"25":{"start":{"line":141,"column":15},"end":{"line":141,"column":63}},"26":{"start":{"line":143,"column":4},"end":{"line":143,"column":16}},"27":{"start":{"line":164,"column":4},"end":{"line":166,"column":5}},"28":{"start":{"line":165,"column":6},"end":{"line":165,"column":75}},"29":{"start":{"line":168,"column":32},"end":{"line":174,"column":10}},"30":{"start":{"line":175,"column":27},"end":{"line":175,"column":52}},"31":{"start":{"line":177,"column":21},"end":{"line":185,"column":34}},"32":{"start":{"line":186,"column":19},"end":{"line":186,"column":66}},"33":{"start":{"line":187,"column":17},"end":{"line":187,"column":31}},"34":{"start":{"line":189,"column":4},"end":{"line":189,"column":63}},"35":{"start":{"line":189,"column":15},"end":{"line":189,"column":63}},"36":{"start":{"line":191,"column":4},"end":{"line":191,"column":25}},"37":{"start":{"line":192,"column":4},"end":{"line":192,"column":16}},"38":{"start":{"line":198,"column":17},"end":{"line":203,"column":5}},"39":{"start":{"line":204,"column":17},"end":{"line":204,"column":31}},"40":{"start":{"line":206,"column":4},"end":{"line":206,"column":63}},"41":{"start":{"line":206,"column":15},"end":{"line":206,"column":63}},"42":{"start":{"line":211,"column":0},"end":{"line":211,"column":22}}},"fnMap":{"0":{"name":"(anonymous_0)","decl":{"start":{"line":24,"column":2},"end":{"line":24,"column":3}},"loc":{"start":{"line":24,"column":48},"end":{"line":49,"column":3}},"line":24},"1":{"name":"(anonymous_1)","decl":{"start":{"line":58,"column":2},"end":{"line":58,"column":3}},"loc":{"start":{"line":59,"column":67},"end":{"line":99,"column":3}},"line":59},"2":{"name":"(anonymous_2)","decl":{"start":{"line":106,"column":2},"end":{"line":106,"column":3}},"loc":{"start":{"line":106,"column":25},"end":{"line":118,"column":3}},"line":106},"3":{"name":"(anonymous_3)","decl":{"start":{"line":128,"column":2},"end":{"line":128,"column":3}},"loc":{"start":{"line":128,"column":29},"end":{"line":144,"column":3}},"line":128},"4":{"name":"(anonymous_4)","decl":{"start":{"line":163,"column":2},"end":{"line":163,"column":3}},"loc":{"start":{"line":163,"column":38},"end":{"line":193,"column":3}},"line":163},"5":{"name":"(anonymous_5)","decl":{"start":{"line":197,"column":2},"end":{"line":197,"column":3}},"loc":{"start":{"line":197,"column":32},"end":{"line":207,"column":3}},"line":197}},"branchMap":{"0":{"loc":{"start":{"line":39,"column":4},"end":{"line":46,"column":5}},"type":"if","locations":[{"start":{"line":39,"column":4},"end":{"line":46,"column":5}},{"start":{},"end":{}}],"line":39},"1":{"loc":{"start":{"line":42,"column":6},"end":{"line":45,"column":7}},"type":"if","locations":[{"start":{"line":42,"column":6},"end":{"line":45,"column":7}},{"start":{},"end":{}}],"line":42},"2":{"loc":{"start":{"line":66,"column":4},"end":{"line":68,"column":5}},"type":"if","locations":[{"start":{"line":66,"column":4},"end":{"line":68,"column":5}},{"start":{},"end":{}}],"line":66},"3":{"loc":{"start":{"line":141,"column":4},"end":{"line":141,"column":63}},"type":"if","locations":[{"start":{"line":141,"column":4},"end":{"line":141,"column":63}},{"start":{},"end":{}}],"line":141},"4":{"loc":{"start":{"line":164,"column":4},"end":{"line":166,"column":5}},"type":"if","locations":[{"start":{"line":164,"column":4},"end":{"line":166,"column":5}},{"start":{},"end":{}}],"line":164},"5":{"loc":{"start":{"line":189,"column":4},"end":{"line":189,"column":63}},"type":"if","locations":[{"start":{"line":189,"column":4},"end":{"line":189,"column":63}},{"start":{},"end":{}}],"line":189},"6":{"loc":{"start":{"line":206,"column":4},"end":{"line":206,"column":63}},"type":"if","locations":[{"start":{"line":206,"column":4},"end":{"line":206,"column":63}},{"start":{},"end":{}}],"line":206}},"s":{"0":1,"1":1,"2":1,"3":1,"4":1,"5":0,"6":0,"7":0,"8":0,"9":0,"10":0,"11":0,"12":0,"13":3,"14":3,"15":0,"16":3,"17":3,"18":3,"19":3,"20":0,"21":0,"22":0,"23":0,"24":0,"25":0,"26":0,"27":0,"28":0,"29":0,"30":0,"31":0,"32":0,"33":0,"34":0,"35":0,"36":0,"37":0,"38":0,"39":0,"40":0,"41":0,"42":1},"f":{"0":0,"1":3,"2":0,"3":0,"4":0,"5":0},"b":{"0":[0,0],"1":[0,0],"2":[0,3],"3":[0,0],"4":[0,0],"5":[0,0],"6":[0,0]},"_coverageSchema":"1a1c01bbd47fc00a2c39e90264f33305004495a9","hash":"e931ecf94b5bb1ece086b36a45d14de9b40e03c7"}
,"/Users/AshleyLin1/rithm/exercises/jobly/routes/_testCommon.js": {"path":"/Users/AshleyLin1/rithm/exercises/jobly/routes/_testCommon.js","statementMap":{"0":{"start":{"line":3,"column":11},"end":{"line":3,"column":30}},"1":{"start":{"line":4,"column":13},"end":{"line":4,"column":38}},"2":{"start":{"line":5,"column":16},"end":{"line":5,"column":44}},"3":{"start":{"line":6,"column":24},"end":{"line":6,"column":52}},"4":{"start":{"line":10,"column":2},"end":{"line":10,"column":38}},"5":{"start":{"line":12,"column":2},"end":{"line":12,"column":42}},"6":{"start":{"line":14,"column":2},"end":{"line":21,"column":9}},"7":{"start":{"line":22,"column":2},"end":{"line":29,"column":9}},"8":{"start":{"line":30,"column":2},"end":{"line":37,"column":9}},"9":{"start":{"line":39,"column":2},"end":{"line":46,"column":5}},"10":{"start":{"line":47,"column":2},"end":{"line":54,"column":5}},"11":{"start":{"line":55,"column":2},"end":{"line":62,"column":5}},"12":{"start":{"line":66,"column":2},"end":{"line":66,"column":26}},"13":{"start":{"line":70,"column":2},"end":{"line":70,"column":29}},"14":{"start":{"line":74,"column":2},"end":{"line":74,"column":17}},"15":{"start":{"line":78,"column":16},"end":{"line":78,"column":63}},"16":{"start":{"line":81,"column":0},"end":{"line":87,"column":2}}},"fnMap":{"0":{"name":"commonBeforeAll","decl":{"start":{"line":8,"column":15},"end":{"line":8,"column":30}},"loc":{"start":{"line":8,"column":33},"end":{"line":63,"column":1}},"line":8},"1":{"name":"commonBeforeEach","decl":{"start":{"line":65,"column":15},"end":{"line":65,"column":31}},"loc":{"start":{"line":65,"column":34},"end":{"line":67,"column":1}},"line":65},"2":{"name":"commonAfterEach","decl":{"start":{"line":69,"column":15},"end":{"line":69,"column":30}},"loc":{"start":{"line":69,"column":33},"end":{"line":71,"column":1}},"line":69},"3":{"name":"commonAfterAll","decl":{"start":{"line":73,"column":15},"end":{"line":73,"column":29}},"loc":{"start":{"line":73,"column":32},"end":{"line":75,"column":1}},"line":73}},"branchMap":{},"s":{"0":1,"1":1,"2":1,"3":1,"4":1,"5":1,"6":1,"7":1,"8":1,"9":1,"10":1,"11":1,"12":18,"13":18,"14":1,"15":1,"16":1},"f":{"0":1,"1":18,"2":18,"3":1},"b":{},"_coverageSchema":"1a1c01bbd47fc00a2c39e90264f33305004495a9","hash":"1d4af8980021e0006db07d9eab83bf8b1cf9c883"}
,"/Users/AshleyLin1/rithm/exercises/jobly/routes/auth.js": {"path":"/Users/AshleyLin1/rithm/exercises/jobly/routes/auth.js","statementMap":{"0":{"start":{"line":5,"column":19},"end":{"line":5,"column":40}},"1":{"start":{"line":7,"column":13},"end":{"line":7,"column":38}},"2":{"start":{"line":8,"column":16},"end":{"line":8,"column":34}},"3":{"start":{"line":9,"column":15},"end":{"line":9,"column":35}},"4":{"start":{"line":10,"column":24},"end":{"line":10,"column":52}},"5":{"start":{"line":11,"column":23},"end":{"line":11,"column":58}},"6":{"start":{"line":12,"column":27},"end":{"line":12,"column":66}},"7":{"start":{"line":13,"column":28},"end":{"line":13,"column":54}},"8":{"start":{"line":22,"column":0},"end":{"line":37,"column":3}},"9":{"start":{"line":23,"column":20},"end":{"line":27,"column":3}},"10":{"start":{"line":28,"column":2},"end":{"line":31,"column":3}},"11":{"start":{"line":29,"column":17},"end":{"line":29,"column":51}},"12":{"start":{"line":29,"column":43},"end":{"line":29,"column":50}},"13":{"start":{"line":30,"column":4},"end":{"line":30,"column":36}},"14":{"start":{"line":33,"column":33},"end":{"line":33,"column":41}},"15":{"start":{"line":34,"column":15},"end":{"line":34,"column":58}},"16":{"start":{"line":35,"column":16},"end":{"line":35,"column":33}},"17":{"start":{"line":36,"column":2},"end":{"line":36,"column":29}},"18":{"start":{"line":49,"column":0},"end":{"line":63,"column":3}},"19":{"start":{"line":50,"column":20},"end":{"line":54,"column":3}},"20":{"start":{"line":55,"column":2},"end":{"line":58,"column":3}},"21":{"start":{"line":56,"column":17},"end":{"line":56,"column":51}},"22":{"start":{"line":56,"column":43},"end":{"line":56,"column":50}},"23":{"start":{"line":57,"column":4},"end":{"line":57,"column":36}},"24":{"start":{"line":60,"column":18},"end":{"line":60,"column":70}},"25":{"start":{"line":61,"column":16},"end":{"line":61,"column":36}},"26":{"start":{"line":62,"column":2},"end":{"line":62,"column":41}},"27":{"start":{"line":66,"column":0},"end":{"line":66,"column":24}}},"fnMap":{"0":{"name":"(anonymous_0)","decl":{"start":{"line":22,"column":22},"end":{"line":22,"column":23}},"loc":{"start":{"line":22,"column":54},"end":{"line":37,"column":1}},"line":22},"1":{"name":"(anonymous_1)","decl":{"start":{"line":29,"column":38},"end":{"line":29,"column":39}},"loc":{"start":{"line":29,"column":43},"end":{"line":29,"column":50}},"line":29},"2":{"name":"(anonymous_2)","decl":{"start":{"line":49,"column":25},"end":{"line":49,"column":26}},"loc":{"start":{"line":49,"column":57},"end":{"line":63,"column":1}},"line":49},"3":{"name":"(anonymous_3)","decl":{"start":{"line":56,"column":38},"end":{"line":56,"column":39}},"loc":{"start":{"line":56,"column":43},"end":{"line":56,"column":50}},"line":56}},"branchMap":{"0":{"loc":{"start":{"line":28,"column":2},"end":{"line":31,"column":3}},"type":"if","locations":[{"start":{"line":28,"column":2},"end":{"line":31,"column":3}},{"start":{},"end":{}}],"line":28},"1":{"loc":{"start":{"line":55,"column":2},"end":{"line":58,"column":3}},"type":"if","locations":[{"start":{"line":55,"column":2},"end":{"line":58,"column":3}},{"start":{},"end":{}}],"line":55}},"s":{"0":1,"1":1,"2":1,"3":1,"4":1,"5":1,"6":1,"7":1,"8":1,"9":0,"10":0,"11":0,"12":0,"13":0,"14":0,"15":0,"16":0,"17":0,"18":1,"19":0,"20":0,"21":0,"22":0,"23":0,"24":0,"25":0,"26":0,"27":1},"f":{"0":0,"1":0,"2":0,"3":0},"b":{"0":[0,0],"1":[0,0]},"_coverageSchema":"1a1c01bbd47fc00a2c39e90264f33305004495a9","hash":"9c5ff579b51268e040d5b599552062e9e97fc267"}
,"/Users/AshleyLin1/rithm/exercises/jobly/routes/companies.js": {"path":"/Users/AshleyLin1/rithm/exercises/jobly/routes/companies.js","statementMap":{"0":{"start":{"line":5,"column":19},"end":{"line":5,"column":40}},"1":{"start":{"line":6,"column":16},"end":{"line":6,"column":34}},"2":{"start":{"line":8,"column":28},"end":{"line":8,"column":54}},"3":{"start":{"line":9,"column":27},"end":{"line":9,"column":56}},"4":{"start":{"line":10,"column":16},"end":{"line":10,"column":44}},"5":{"start":{"line":12,"column":25},"end":{"line":12,"column":62}},"6":{"start":{"line":13,"column":28},"end":{"line":13,"column":68}},"7":{"start":{"line":14,"column":28},"end":{"line":14,"column":68}},"8":{"start":{"line":16,"column":15},"end":{"line":16,"column":35}},"9":{"start":{"line":27,"column":0},"end":{"line":38,"column":3}},"10":{"start":{"line":28,"column":20},"end":{"line":30,"column":4}},"11":{"start":{"line":31,"column":2},"end":{"line":34,"column":3}},"12":{"start":{"line":32,"column":17},"end":{"line":32,"column":53}},"13":{"start":{"line":32,"column":45},"end":{"line":32,"column":52}},"14":{"start":{"line":33,"column":4},"end":{"line":33,"column":36}},"15":{"start":{"line":36,"column":18},"end":{"line":36,"column":48}},"16":{"start":{"line":37,"column":2},"end":{"line":37,"column":43}},"17":{"start":{"line":51,"column":0},"end":{"line":85,"column":3}},"18":{"start":{"line":57,"column":22},"end":{"line":57,"column":24}},"19":{"start":{"line":59,"column":2},"end":{"line":79,"column":3}},"20":{"start":{"line":61,"column":4},"end":{"line":63,"column":5}},"21":{"start":{"line":62,"column":6},"end":{"line":62,"column":66}},"22":{"start":{"line":65,"column":4},"end":{"line":67,"column":5}},"23":{"start":{"line":66,"column":6},"end":{"line":66,"column":96}},"24":{"start":{"line":69,"column":22},"end":{"line":71,"column":6}},"25":{"start":{"line":73,"column":4},"end":{"line":76,"column":5}},"26":{"start":{"line":74,"column":19},"end":{"line":74,"column":53}},"27":{"start":{"line":74,"column":45},"end":{"line":74,"column":52}},"28":{"start":{"line":75,"column":6},"end":{"line":75,"column":38}},"29":{"start":{"line":81,"column":2},"end":{"line":81,"column":42}},"30":{"start":{"line":83,"column":20},"end":{"line":83,"column":54}},"31":{"start":{"line":84,"column":2},"end":{"line":84,"column":33}},"32":{"start":{"line":95,"column":0},"end":{"line":98,"column":3}},"33":{"start":{"line":96,"column":18},"end":{"line":96,"column":54}},"34":{"start":{"line":97,"column":2},"end":{"line":97,"column":31}},"35":{"start":{"line":111,"column":0},"end":{"line":122,"column":3}},"36":{"start":{"line":112,"column":20},"end":{"line":114,"column":4}},"37":{"start":{"line":115,"column":2},"end":{"line":118,"column":3}},"38":{"start":{"line":116,"column":17},"end":{"line":116,"column":53}},"39":{"start":{"line":116,"column":45},"end":{"line":116,"column":52}},"40":{"start":{"line":117,"column":4},"end":{"line":117,"column":36}},"41":{"start":{"line":120,"column":18},"end":{"line":120,"column":67}},"42":{"start":{"line":121,"column":2},"end":{"line":121,"column":31}},"43":{"start":{"line":129,"column":0},"end":{"line":132,"column":3}},"44":{"start":{"line":130,"column":2},"end":{"line":130,"column":42}},"45":{"start":{"line":131,"column":2},"end":{"line":131,"column":50}},"46":{"start":{"line":134,"column":0},"end":{"line":134,"column":24}}},"fnMap":{"0":{"name":"(anonymous_0)","decl":{"start":{"line":27,"column":33},"end":{"line":27,"column":34}},"loc":{"start":{"line":27,"column":65},"end":{"line":38,"column":1}},"line":27},"1":{"name":"(anonymous_1)","decl":{"start":{"line":32,"column":38},"end":{"line":32,"column":39}},"loc":{"start":{"line":32,"column":45},"end":{"line":32,"column":52}},"line":32},"2":{"name":"(anonymous_2)","decl":{"start":{"line":51,"column":16},"end":{"line":51,"column":17}},"loc":{"start":{"line":51,"column":48},"end":{"line":85,"column":1}},"line":51},"3":{"name":"(anonymous_3)","decl":{"start":{"line":74,"column":40},"end":{"line":74,"column":41}},"loc":{"start":{"line":74,"column":45},"end":{"line":74,"column":52}},"line":74},"4":{"name":"(anonymous_4)","decl":{"start":{"line":95,"column":23},"end":{"line":95,"column":24}},"loc":{"start":{"line":95,"column":55},"end":{"line":98,"column":1}},"line":95},"5":{"name":"(anonymous_5)","decl":{"start":{"line":111,"column":41},"end":{"line":111,"column":42}},"loc":{"start":{"line":111,"column":73},"end":{"line":122,"column":1}},"line":111},"6":{"name":"(anonymous_6)","decl":{"start":{"line":116,"column":38},"end":{"line":116,"column":39}},"loc":{"start":{"line":116,"column":45},"end":{"line":116,"column":52}},"line":116},"7":{"name":"(anonymous_7)","decl":{"start":{"line":129,"column":42},"end":{"line":129,"column":43}},"loc":{"start":{"line":129,"column":74},"end":{"line":132,"column":1}},"line":129}},"branchMap":{"0":{"loc":{"start":{"line":31,"column":2},"end":{"line":34,"column":3}},"type":"if","locations":[{"start":{"line":31,"column":2},"end":{"line":34,"column":3}},{"start":{},"end":{}}],"line":31},"1":{"loc":{"start":{"line":59,"column":2},"end":{"line":79,"column":3}},"type":"if","locations":[{"start":{"line":59,"column":2},"end":{"line":79,"column":3}},{"start":{},"end":{}}],"line":59},"2":{"loc":{"start":{"line":62,"column":25},"end":{"line":62,"column":65}},"type":"binary-expr","locations":[{"start":{"line":62,"column":25},"end":{"line":62,"column":47}},{"start":{"line":62,"column":51},"end":{"line":62,"column":65}}],"line":62},"3":{"loc":{"start":{"line":65,"column":4},"end":{"line":67,"column":5}},"type":"if","locations":[{"start":{"line":65,"column":4},"end":{"line":67,"column":5}},{"start":{},"end":{}}],"line":65},"4":{"loc":{"start":{"line":73,"column":4},"end":{"line":76,"column":5}},"type":"if","locations":[{"start":{"line":73,"column":4},"end":{"line":76,"column":5}},{"start":{},"end":{}}],"line":73},"5":{"loc":{"start":{"line":115,"column":2},"end":{"line":118,"column":3}},"type":"if","locations":[{"start":{"line":115,"column":2},"end":{"line":118,"column":3}},{"start":{},"end":{}}],"line":115}},"s":{"0":1,"1":1,"2":1,"3":1,"4":1,"5":1,"6":1,"7":1,"8":1,"9":1,"10":3,"11":3,"12":2,"13":3,"14":2,"15":1,"16":1,"17":1,"18":4,"19":4,"20":3,"21":5,"22":3,"23":1,"24":2,"25":2,"26":1,"27":2,"28":1,"29":2,"30":2,"31":2,"32":1,"33":3,"34":2,"35":1,"36":4,"37":4,"38":2,"39":2,"40":2,"41":2,"42":1,"43":1,"44":2,"45":1,"46":1},"f":{"0":3,"1":3,"2":4,"3":2,"4":3,"5":4,"6":2,"7":2},"b":{"0":[2,1],"1":[3,1],"2":[5,1],"3":[1,2],"4":[1,1],"5":[2,2]},"_coverageSchema":"1a1c01bbd47fc00a2c39e90264f33305004495a9","hash":"e4bdfc14649273c81c07036b4c5d8ba49e619122"}
,"/Users/AshleyLin1/rithm/exercises/jobly/routes/users.js": {"path":"/Users/AshleyLin1/rithm/exercises/jobly/routes/users.js","statementMap":{"0":{"start":{"line":5,"column":19},"end":{"line":5,"column":40}},"1":{"start":{"line":7,"column":16},"end":{"line":7,"column":34}},"2":{"start":{"line":8,"column":27},"end":{"line":8,"column":56}},"3":{"start":{"line":9,"column":28},"end":{"line":9,"column":54}},"4":{"start":{"line":10,"column":13},"end":{"line":10,"column":38}},"5":{"start":{"line":11,"column":24},"end":{"line":11,"column":52}},"6":{"start":{"line":12,"column":22},"end":{"line":12,"column":56}},"7":{"start":{"line":13,"column":25},"end":{"line":13,"column":62}},"8":{"start":{"line":15,"column":15},"end":{"line":15,"column":31}},"9":{"start":{"line":30,"column":0},"end":{"line":44,"column":3}},"10":{"start":{"line":31,"column":20},"end":{"line":35,"column":3}},"11":{"start":{"line":36,"column":2},"end":{"line":39,"column":3}},"12":{"start":{"line":37,"column":17},"end":{"line":37,"column":51}},"13":{"start":{"line":37,"column":43},"end":{"line":37,"column":50}},"14":{"start":{"line":38,"column":4},"end":{"line":38,"column":36}},"15":{"start":{"line":41,"column":15},"end":{"line":41,"column":44}},"16":{"start":{"line":42,"column":16},"end":{"line":42,"column":33}},"17":{"start":{"line":43,"column":2},"end":{"line":43,"column":47}},"18":{"start":{"line":54,"column":0},"end":{"line":57,"column":3}},"19":{"start":{"line":55,"column":16},"end":{"line":55,"column":36}},"20":{"start":{"line":56,"column":2},"end":{"line":56,"column":29}},"21":{"start":{"line":67,"column":0},"end":{"line":70,"column":3}},"22":{"start":{"line":68,"column":15},"end":{"line":68,"column":50}},"23":{"start":{"line":69,"column":2},"end":{"line":69,"column":28}},"24":{"start":{"line":83,"column":0},"end":{"line":96,"column":3}},"25":{"start":{"line":84,"column":20},"end":{"line":88,"column":3}},"26":{"start":{"line":89,"column":2},"end":{"line":92,"column":3}},"27":{"start":{"line":90,"column":17},"end":{"line":90,"column":51}},"28":{"start":{"line":90,"column":43},"end":{"line":90,"column":50}},"29":{"start":{"line":91,"column":4},"end":{"line":91,"column":36}},"30":{"start":{"line":94,"column":15},"end":{"line":94,"column":63}},"31":{"start":{"line":95,"column":2},"end":{"line":95,"column":28}},"32":{"start":{"line":104,"column":0},"end":{"line":107,"column":3}},"33":{"start":{"line":105,"column":2},"end":{"line":105,"column":41}},"34":{"start":{"line":106,"column":2},"end":{"line":106,"column":52}},"35":{"start":{"line":110,"column":0},"end":{"line":110,"column":24}}},"fnMap":{"0":{"name":"(anonymous_0)","decl":{"start":{"line":30,"column":33},"end":{"line":30,"column":34}},"loc":{"start":{"line":30,"column":65},"end":{"line":44,"column":1}},"line":30},"1":{"name":"(anonymous_1)","decl":{"start":{"line":37,"column":38},"end":{"line":37,"column":39}},"loc":{"start":{"line":37,"column":43},"end":{"line":37,"column":50}},"line":37},"2":{"name":"(anonymous_2)","decl":{"start":{"line":54,"column":32},"end":{"line":54,"column":33}},"loc":{"start":{"line":54,"column":64},"end":{"line":57,"column":1}},"line":54},"3":{"name":"(anonymous_3)","decl":{"start":{"line":67,"column":41},"end":{"line":67,"column":42}},"loc":{"start":{"line":67,"column":73},"end":{"line":70,"column":1}},"line":67},"4":{"name":"(anonymous_4)","decl":{"start":{"line":83,"column":43},"end":{"line":83,"column":44}},"loc":{"start":{"line":83,"column":75},"end":{"line":96,"column":1}},"line":83},"5":{"name":"(anonymous_5)","decl":{"start":{"line":90,"column":38},"end":{"line":90,"column":39}},"loc":{"start":{"line":90,"column":43},"end":{"line":90,"column":50}},"line":90},"6":{"name":"(anonymous_6)","decl":{"start":{"line":104,"column":44},"end":{"line":104,"column":45}},"loc":{"start":{"line":104,"column":76},"end":{"line":107,"column":1}},"line":104}},"branchMap":{"0":{"loc":{"start":{"line":36,"column":2},"end":{"line":39,"column":3}},"type":"if","locations":[{"start":{"line":36,"column":2},"end":{"line":39,"column":3}},{"start":{},"end":{}}],"line":36},"1":{"loc":{"start":{"line":89,"column":2},"end":{"line":92,"column":3}},"type":"if","locations":[{"start":{"line":89,"column":2},"end":{"line":92,"column":3}},{"start":{},"end":{}}],"line":89}},"s":{"0":1,"1":1,"2":1,"3":1,"4":1,"5":1,"6":1,"7":1,"8":1,"9":1,"10":0,"11":0,"12":0,"13":0,"14":0,"15":0,"16":0,"17":0,"18":1,"19":0,"20":0,"21":1,"22":0,"23":0,"24":1,"25":0,"26":0,"27":0,"28":0,"29":0,"30":0,"31":0,"32":1,"33":0,"34":0,"35":1},"f":{"0":0,"1":0,"2":0,"3":0,"4":0,"5":0,"6":0},"b":{"0":[0,0],"1":[0,0]},"_coverageSchema":"1a1c01bbd47fc00a2c39e90264f33305004495a9","hash":"9e008556bc68478f8dfb6afc5f37fce5467567f5"}
}
