{"/Users/AshleyLin1/rithm/exercises/jobly/app.js": {"path":"/Users/AshleyLin1/rithm/exercises/jobly/app.js","statementMap":{"0":{"start":{"line":5,"column":16},"end":{"line":5,"column":34}},"1":{"start":{"line":6,"column":13},"end":{"line":6,"column":28}},"2":{"start":{"line":8,"column":26},"end":{"line":8,"column":51}},"3":{"start":{"line":10,"column":28},"end":{"line":10,"column":56}},"4":{"start":{"line":11,"column":19},"end":{"line":11,"column":43}},"5":{"start":{"line":12,"column":24},"end":{"line":12,"column":53}},"6":{"start":{"line":13,"column":20},"end":{"line":13,"column":45}},"7":{"start":{"line":14,"column":19},"end":{"line":14,"column":43}},"8":{"start":{"line":16,"column":15},"end":{"line":16,"column":32}},"9":{"start":{"line":18,"column":12},"end":{"line":18,"column":21}},"10":{"start":{"line":20,"column":0},"end":{"line":20,"column":16}},"11":{"start":{"line":21,"column":0},"end":{"line":21,"column":24}},"12":{"start":{"line":22,"column":0},"end":{"line":22,"column":24}},"13":{"start":{"line":23,"column":0},"end":{"line":23,"column":25}},"14":{"start":{"line":25,"column":0},"end":{"line":25,"column":29}},"15":{"start":{"line":26,"column":0},"end":{"line":26,"column":39}},"16":{"start":{"line":27,"column":0},"end":{"line":27,"column":31}},"17":{"start":{"line":28,"column":0},"end":{"line":28,"column":29}},"18":{"start":{"line":31,"column":0},"end":{"line":33,"column":3}},"19":{"start":{"line":32,"column":2},"end":{"line":32,"column":28}},"20":{"start":{"line":36,"column":0},"end":{"line":44,"column":3}},"21":{"start":{"line":37,"column":2},"end":{"line":37,"column":64}},"22":{"start":{"line":37,"column":39},"end":{"line":37,"column":64}},"23":{"start":{"line":38,"column":17},"end":{"line":38,"column":34}},"24":{"start":{"line":39,"column":18},"end":{"line":39,"column":29}},"25":{"start":{"line":41,"column":2},"end":{"line":43,"column":5}},"26":{"start":{"line":46,"column":0},"end":{"line":46,"column":21}}},"fnMap":{"0":{"name":"(anonymous_0)","decl":{"start":{"line":31,"column":8},"end":{"line":31,"column":9}},"loc":{"start":{"line":31,"column":34},"end":{"line":33,"column":1}},"line":31},"1":{"name":"(anonymous_1)","decl":{"start":{"line":36,"column":8},"end":{"line":36,"column":9}},"loc":{"start":{"line":36,"column":39},"end":{"line":44,"column":1}},"line":36}},"branchMap":{"0":{"loc":{"start":{"line":37,"column":2},"end":{"line":37,"column":64}},"type":"if","locations":[{"start":{"line":37,"column":2},"end":{"line":37,"column":64}},{"start":{},"end":{}}],"line":37},"1":{"loc":{"start":{"line":38,"column":17},"end":{"line":38,"column":34}},"type":"binary-expr","locations":[{"start":{"line":38,"column":17},"end":{"line":38,"column":27}},{"start":{"line":38,"column":31},"end":{"line":38,"column":34}}],"line":38}},"s":{"0":5,"1":5,"2":5,"3":5,"4":5,"5":5,"6":5,"7":5,"8":5,"9":5,"10":5,"11":5,"12":5,"13":5,"14":5,"15":5,"16":5,"17":5,"18":5,"19":2,"20":5,"21":53,"22":1,"23":53,"24":53,"25":53,"26":5},"f":{"0":2,"1":53},"b":{"0":[1,52],"1":[53,0]},"_coverageSchema":"1a1c01bbd47fc00a2c39e90264f33305004495a9","hash":"079a8f2514d5a719f30a755b82c09db756488ad4"}
,"/Users/AshleyLin1/rithm/exercises/jobly/config.js": {"path":"/Users/AshleyLin1/rithm/exercises/jobly/config.js","statementMap":{"0":{"start":{"line":5,"column":0},"end":{"line":5,"column":27}},"1":{"start":{"line":6,"column":0},"end":{"line":6,"column":18}},"2":{"start":{"line":8,"column":19},"end":{"line":8,"column":57}},"3":{"start":{"line":10,"column":13},"end":{"line":10,"column":38}},"4":{"start":{"line":14,"column":2},"end":{"line":16,"column":44}},"5":{"start":{"line":22,"column":27},"end":{"line":22,"column":67}},"6":{"start":{"line":24,"column":0},"end":{"line":24,"column":35}},"7":{"start":{"line":25,"column":0},"end":{"line":25,"column":46}},"8":{"start":{"line":26,"column":0},"end":{"line":26,"column":45}},"9":{"start":{"line":27,"column":0},"end":{"line":27,"column":61}},"10":{"start":{"line":28,"column":0},"end":{"line":28,"column":50}},"11":{"start":{"line":29,"column":0},"end":{"line":29,"column":19}},"12":{"start":{"line":31,"column":0},"end":{"line":36,"column":2}}},"fnMap":{"0":{"name":"getDatabaseUri","decl":{"start":{"line":13,"column":9},"end":{"line":13,"column":23}},"loc":{"start":{"line":13,"column":26},"end":{"line":17,"column":1}},"line":13}},"branchMap":{"0":{"loc":{"start":{"line":8,"column":19},"end":{"line":8,"column":57}},"type":"binary-expr","locations":[{"start":{"line":8,"column":19},"end":{"line":8,"column":41}},{"start":{"line":8,"column":45},"end":{"line":8,"column":57}}],"line":8},"1":{"loc":{"start":{"line":10,"column":13},"end":{"line":10,"column":38}},"type":"binary-expr","locations":[{"start":{"line":10,"column":13},"end":{"line":10,"column":30}},{"start":{"line":10,"column":34},"end":{"line":10,"column":38}}],"line":10},"2":{"loc":{"start":{"line":14,"column":9},"end":{"line":16,"column":43}},"type":"cond-expr","locations":[{"start":{"line":15,"column":8},"end":{"line":15,"column":37}},{"start":{"line":16,"column":8},"end":{"line":16,"column":43}}],"line":14},"3":{"loc":{"start":{"line":16,"column":8},"end":{"line":16,"column":43}},"type":"binary-expr","locations":[{"start":{"line":16,"column":8},"end":{"line":16,"column":32}},{"start":{"line":16,"column":36},"end":{"line":16,"column":43}}],"line":16},"4":{"loc":{"start":{"line":22,"column":27},"end":{"line":22,"column":67}},"type":"cond-expr","locations":[{"start":{"line":22,"column":61},"end":{"line":22,"column":62}},{"start":{"line":22,"column":65},"end":{"line":22,"column":67}}],"line":22}},"s":{"0":11,"1":11,"2":11,"3":11,"4":22,"5":11,"6":11,"7":11,"8":11,"9":11,"10":11,"11":11,"12":11},"f":{"0":22},"b":{"0":[11,0],"1":[11,0],"2":[19,3],"3":[3,1],"4":[10,1]},"_coverageSchema":"1a1c01bbd47fc00a2c39e90264f33305004495a9","hash":"2a2cea2ab6ba146aac50fa5fc2d7f0aa34fdb11c"}
,"/Users/AshleyLin1/rithm/exercises/jobly/db.js": {"path":"/Users/AshleyLin1/rithm/exercises/jobly/db.js","statementMap":{"0":{"start":{"line":5,"column":19},"end":{"line":5,"column":32}},"1":{"start":{"line":6,"column":27},"end":{"line":6,"column":46}},"2":{"start":{"line":8,"column":11},"end":{"line":10,"column":2}},"3":{"start":{"line":12,"column":0},"end":{"line":12,"column":13}},"4":{"start":{"line":14,"column":0},"end":{"line":14,"column":20}}},"fnMap":{},"branchMap":{},"s":{"0":8,"1":8,"2":8,"3":8,"4":8},"f":{},"b":{},"_coverageSchema":"1a1c01bbd47fc00a2c39e90264f33305004495a9","hash":"86bafdd299ea565e7eb2202fda5a82fafc0621a0"}
,"/Users/AshleyLin1/rithm/exercises/jobly/expressError.js": {"path":"/Users/AshleyLin1/rithm/exercises/jobly/expressError.js","statementMap":{"0":{"start":{"line":11,"column":4},"end":{"line":11,"column":12}},"1":{"start":{"line":12,"column":4},"end":{"line":12,"column":27}},"2":{"start":{"line":13,"column":4},"end":{"line":13,"column":25}},"3":{"start":{"line":21,"column":4},"end":{"line":21,"column":24}},"4":{"start":{"line":29,"column":4},"end":{"line":29,"column":24}},"5":{"start":{"line":37,"column":4},"end":{"line":37,"column":24}},"6":{"start":{"line":45,"column":4},"end":{"line":45,"column":24}},"7":{"start":{"line":49,"column":0},"end":{"line":55,"column":2}}},"fnMap":{"0":{"name":"(anonymous_0)","decl":{"start":{"line":10,"column":2},"end":{"line":10,"column":3}},"loc":{"start":{"line":10,"column":31},"end":{"line":14,"column":3}},"line":10},"1":{"name":"(anonymous_1)","decl":{"start":{"line":20,"column":2},"end":{"line":20,"column":3}},"loc":{"start":{"line":20,"column":37},"end":{"line":22,"column":3}},"line":20},"2":{"name":"(anonymous_2)","decl":{"start":{"line":28,"column":2},"end":{"line":28,"column":3}},"loc":{"start":{"line":28,"column":40},"end":{"line":30,"column":3}},"line":28},"3":{"name":"(anonymous_3)","decl":{"start":{"line":36,"column":2},"end":{"line":36,"column":3}},"loc":{"start":{"line":36,"column":39},"end":{"line":38,"column":3}},"line":36},"4":{"name":"(anonymous_4)","decl":{"start":{"line":44,"column":2},"end":{"line":44,"column":3}},"loc":{"start":{"line":44,"column":39},"end":{"line":46,"column":3}},"line":44}},"branchMap":{"0":{"loc":{"start":{"line":20,"column":14},"end":{"line":20,"column":35}},"type":"default-arg","locations":[{"start":{"line":20,"column":24},"end":{"line":20,"column":35}}],"line":20},"1":{"loc":{"start":{"line":28,"column":14},"end":{"line":28,"column":38}},"type":"default-arg","locations":[{"start":{"line":28,"column":24},"end":{"line":28,"column":38}}],"line":28},"2":{"loc":{"start":{"line":36,"column":14},"end":{"line":36,"column":37}},"type":"default-arg","locations":[{"start":{"line":36,"column":24},"end":{"line":36,"column":37}}],"line":36},"3":{"loc":{"start":{"line":44,"column":14},"end":{"line":44,"column":37}},"type":"default-arg","locations":[{"start":{"line":44,"column":24},"end":{"line":44,"column":37}}],"line":44}},"s":{"0":81,"1":81,"2":81,"3":22,"4":31,"5":28,"6":0,"7":10},"f":{"0":81,"1":22,"2":31,"3":28,"4":0},"b":{"0":[2],"1":[27],"2":[2],"3":[0]},"_coverageSchema":"1a1c01bbd47fc00a2c39e90264f33305004495a9","hash":"af32e41339d8151bd3623198842cd365340fa236"}
,"/Users/AshleyLin1/rithm/exercises/jobly/helpers/company.js": {"path":"/Users/AshleyLin1/rithm/exercises/jobly/helpers/company.js","statementMap":{"0":{"start":{"line":17,"column":15},"end":{"line":17,"column":39}},"1":{"start":{"line":18,"column":20},"end":{"line":18,"column":22}},"2":{"start":{"line":20,"column":19},"end":{"line":33,"column":4}},"3":{"start":{"line":22,"column":4},"end":{"line":32,"column":5}},"4":{"start":{"line":23,"column":6},"end":{"line":23,"column":40}},"5":{"start":{"line":24,"column":6},"end":{"line":24,"column":45}},"6":{"start":{"line":25,"column":6},"end":{"line":25,"column":52}},"7":{"start":{"line":26,"column":11},"end":{"line":32,"column":5}},"8":{"start":{"line":27,"column":6},"end":{"line":27,"column":45}},"9":{"start":{"line":28,"column":6},"end":{"line":28,"column":44}},"10":{"start":{"line":29,"column":11},"end":{"line":32,"column":5}},"11":{"start":{"line":30,"column":6},"end":{"line":30,"column":45}},"12":{"start":{"line":31,"column":6},"end":{"line":31,"column":44}},"13":{"start":{"line":36,"column":4},"end":{"line":38,"column":57}},"14":{"start":{"line":40,"column":2},"end":{"line":43,"column":4}},"15":{"start":{"line":46,"column":0},"end":{"line":46,"column":37}}},"fnMap":{"0":{"name":"queryToWhereSQL","decl":{"start":{"line":16,"column":9},"end":{"line":16,"column":24}},"loc":{"start":{"line":16,"column":38},"end":{"line":44,"column":1}},"line":16},"1":{"name":"(anonymous_1)","decl":{"start":{"line":20,"column":28},"end":{"line":20,"column":29}},"loc":{"start":{"line":20,"column":46},"end":{"line":33,"column":3}},"line":20}},"branchMap":{"0":{"loc":{"start":{"line":22,"column":4},"end":{"line":32,"column":5}},"type":"if","locations":[{"start":{"line":22,"column":4},"end":{"line":32,"column":5}},{"start":{"line":26,"column":11},"end":{"line":32,"column":5}}],"line":22},"1":{"loc":{"start":{"line":26,"column":11},"end":{"line":32,"column":5}},"type":"if","locations":[{"start":{"line":26,"column":11},"end":{"line":32,"column":5}},{"start":{"line":29,"column":11},"end":{"line":32,"column":5}}],"line":26},"2":{"loc":{"start":{"line":29,"column":11},"end":{"line":32,"column":5}},"type":"if","locations":[{"start":{"line":29,"column":11},"end":{"line":32,"column":5}},{"start":{},"end":{}}],"line":29},"3":{"loc":{"start":{"line":36,"column":4},"end":{"line":38,"column":57}},"type":"cond-expr","locations":[{"start":{"line":37,"column":8},"end":{"line":37,"column":10}},{"start":{"line":38,"column":8},"end":{"line":38,"column":57}}],"line":36}},"s":{"0":6,"1":6,"2":6,"3":6,"4":2,"5":2,"6":2,"7":4,"8":2,"9":2,"10":2,"11":2,"12":2,"13":6,"14":6,"15":6},"f":{"0":6,"1":6},"b":{"0":[2,4],"1":[2,2],"2":[2,0],"3":[2,4]},"_coverageSchema":"1a1c01bbd47fc00a2c39e90264f33305004495a9","hash":"7ce294b7997b11c89cf0e0213bed7b15cae0caad"}
,"/Users/AshleyLin1/rithm/exercises/jobly/helpers/jobs.js": {"path":"/Users/AshleyLin1/rithm/exercises/jobly/helpers/jobs.js","statementMap":{"0":{"start":{"line":17,"column":15},"end":{"line":17,"column":39}},"1":{"start":{"line":18,"column":20},"end":{"line":18,"column":22}},"2":{"start":{"line":20,"column":19},"end":{"line":32,"column":4}},"3":{"start":{"line":22,"column":4},"end":{"line":31,"column":5}},"4":{"start":{"line":23,"column":6},"end":{"line":23,"column":45}},"5":{"start":{"line":24,"column":6},"end":{"line":24,"column":53}},"6":{"start":{"line":25,"column":11},"end":{"line":31,"column":5}},"7":{"start":{"line":26,"column":6},"end":{"line":26,"column":45}},"8":{"start":{"line":27,"column":6},"end":{"line":27,"column":37}},"9":{"start":{"line":28,"column":11},"end":{"line":31,"column":5}},"10":{"start":{"line":29,"column":6},"end":{"line":29,"column":45}},"11":{"start":{"line":30,"column":6},"end":{"line":30,"column":36}},"12":{"start":{"line":35,"column":4},"end":{"line":37,"column":57}},"13":{"start":{"line":39,"column":2},"end":{"line":42,"column":4}},"14":{"start":{"line":45,"column":0},"end":{"line":45,"column":37}}},"fnMap":{"0":{"name":"queryToWhereSQL","decl":{"start":{"line":16,"column":9},"end":{"line":16,"column":24}},"loc":{"start":{"line":16,"column":38},"end":{"line":43,"column":1}},"line":16},"1":{"name":"(anonymous_1)","decl":{"start":{"line":20,"column":28},"end":{"line":20,"column":29}},"loc":{"start":{"line":20,"column":46},"end":{"line":32,"column":3}},"line":20}},"branchMap":{"0":{"loc":{"start":{"line":22,"column":4},"end":{"line":31,"column":5}},"type":"if","locations":[{"start":{"line":22,"column":4},"end":{"line":31,"column":5}},{"start":{"line":25,"column":11},"end":{"line":31,"column":5}}],"line":22},"1":{"loc":{"start":{"line":25,"column":11},"end":{"line":31,"column":5}},"type":"if","locations":[{"start":{"line":25,"column":11},"end":{"line":31,"column":5}},{"start":{"line":28,"column":11},"end":{"line":31,"column":5}}],"line":25},"2":{"loc":{"start":{"line":28,"column":11},"end":{"line":31,"column":5}},"type":"if","locations":[{"start":{"line":28,"column":11},"end":{"line":31,"column":5}},{"start":{},"end":{}}],"line":28},"3":{"loc":{"start":{"line":35,"column":4},"end":{"line":37,"column":57}},"type":"cond-expr","locations":[{"start":{"line":36,"column":8},"end":{"line":36,"column":10}},{"start":{"line":37,"column":8},"end":{"line":37,"column":57}}],"line":35}},"s":{"0":6,"1":6,"2":6,"3":10,"4":4,"5":4,"6":6,"7":4,"8":4,"9":2,"10":2,"11":2,"12":6,"13":6,"14":6},"f":{"0":6,"1":10},"b":{"0":[4,6],"1":[4,2],"2":[2,0],"3":[2,4]},"_coverageSchema":"1a1c01bbd47fc00a2c39e90264f33305004495a9","hash":"4a1031e9659c031ac5e8967b9101e3c796097833"}
,"/Users/AshleyLin1/rithm/exercises/jobly/helpers/sql.js": {"path":"/Users/AshleyLin1/rithm/exercises/jobly/helpers/sql.js","statementMap":{"0":{"start":{"line":3,"column":28},"end":{"line":3,"column":54}},"1":{"start":{"line":19,"column":15},"end":{"line":19,"column":40}},"2":{"start":{"line":20,"column":2},"end":{"line":20,"column":62}},"3":{"start":{"line":20,"column":25},"end":{"line":20,"column":62}},"4":{"start":{"line":22,"column":15},"end":{"line":24,"column":3}},"5":{"start":{"line":23,"column":22},"end":{"line":23,"column":68}},"6":{"start":{"line":26,"column":2},"end":{"line":29,"column":4}},"7":{"start":{"line":32,"column":0},"end":{"line":32,"column":41}}},"fnMap":{"0":{"name":"sqlForPartialUpdate","decl":{"start":{"line":18,"column":9},"end":{"line":18,"column":28}},"loc":{"start":{"line":18,"column":52},"end":{"line":30,"column":1}},"line":18},"1":{"name":"(anonymous_1)","decl":{"start":{"line":23,"column":4},"end":{"line":23,"column":5}},"loc":{"start":{"line":23,"column":22},"end":{"line":23,"column":68}},"line":23}},"branchMap":{"0":{"loc":{"start":{"line":20,"column":2},"end":{"line":20,"column":62}},"type":"if","locations":[{"start":{"line":20,"column":2},"end":{"line":20,"column":62}},{"start":{},"end":{}}],"line":20},"1":{"loc":{"start":{"line":23,"column":26},"end":{"line":23,"column":53}},"type":"binary-expr","locations":[{"start":{"line":23,"column":26},"end":{"line":23,"column":42}},{"start":{"line":23,"column":46},"end":{"line":23,"column":53}}],"line":23}},"s":{"0":9,"1":22,"2":22,"3":4,"4":18,"5":40,"6":18,"7":9},"f":{"0":22,"1":40},"b":{"0":[4,18],"1":[40,23]},"_coverageSchema":"1a1c01bbd47fc00a2c39e90264f33305004495a9","hash":"4a6f879d5c8d08b84b1c66469274d1b740eb5d93"}
,"/Users/AshleyLin1/rithm/exercises/jobly/helpers/tokens.js": {"path":"/Users/AshleyLin1/rithm/exercises/jobly/helpers/tokens.js","statementMap":{"0":{"start":{"line":3,"column":12},"end":{"line":3,"column":35}},"1":{"start":{"line":4,"column":23},"end":{"line":4,"column":43}},"2":{"start":{"line":9,"column":2},"end":{"line":10,"column":58}},"3":{"start":{"line":12,"column":16},"end":{"line":15,"column":3}},"4":{"start":{"line":17,"column":2},"end":{"line":17,"column":39}},"5":{"start":{"line":20,"column":0},"end":{"line":20,"column":33}}},"fnMap":{"0":{"name":"createToken","decl":{"start":{"line":8,"column":9},"end":{"line":8,"column":20}},"loc":{"start":{"line":8,"column":27},"end":{"line":18,"column":1}},"line":8}},"branchMap":{"0":{"loc":{"start":{"line":14,"column":13},"end":{"line":14,"column":34}},"type":"binary-expr","locations":[{"start":{"line":14,"column":13},"end":{"line":14,"column":25}},{"start":{"line":14,"column":29},"end":{"line":14,"column":34}}],"line":14}},"s":{"0":6,"1":6,"2":15,"3":15,"4":15,"5":6},"f":{"0":15},"b":{"0":[15,9]},"_coverageSchema":"1a1c01bbd47fc00a2c39e90264f33305004495a9","hash":"bb21b8a92df7298d3e813c8f27cf16aa344fcac7"}
,"/Users/AshleyLin1/rithm/exercises/jobly/middleware/auth.js": {"path":"/Users/AshleyLin1/rithm/exercises/jobly/middleware/auth.js","statementMap":{"0":{"start":{"line":5,"column":12},"end":{"line":5,"column":35}},"1":{"start":{"line":6,"column":23},"end":{"line":6,"column":43}},"2":{"start":{"line":7,"column":47},"end":{"line":7,"column":73}},"3":{"start":{"line":18,"column":21},"end":{"line":18,"column":47}},"4":{"start":{"line":19,"column":2},"end":{"line":27,"column":3}},"5":{"start":{"line":20,"column":18},"end":{"line":20,"column":62}},"6":{"start":{"line":22,"column":4},"end":{"line":26,"column":5}},"7":{"start":{"line":23,"column":6},"end":{"line":23,"column":54}},"8":{"start":{"line":28,"column":2},"end":{"line":28,"column":16}},"9":{"start":{"line":37,"column":2},"end":{"line":37,"column":47}},"10":{"start":{"line":37,"column":33},"end":{"line":37,"column":47}},"11":{"start":{"line":38,"column":2},"end":{"line":38,"column":32}},"12":{"start":{"line":46,"column":22},"end":{"line":46,"column":37}},"13":{"start":{"line":48,"column":2},"end":{"line":50,"column":3}},"14":{"start":{"line":49,"column":4},"end":{"line":49,"column":34}},"15":{"start":{"line":52,"column":2},"end":{"line":54,"column":3}},"16":{"start":{"line":53,"column":4},"end":{"line":53,"column":32}},"17":{"start":{"line":56,"column":2},"end":{"line":56,"column":51}},"18":{"start":{"line":56,"column":37},"end":{"line":56,"column":51}},"19":{"start":{"line":58,"column":2},"end":{"line":58,"column":32}},"20":{"start":{"line":63,"column":22},"end":{"line":63,"column":37}},"21":{"start":{"line":65,"column":2},"end":{"line":67,"column":3}},"22":{"start":{"line":66,"column":4},"end":{"line":66,"column":34}},"23":{"start":{"line":69,"column":2},"end":{"line":71,"column":3}},"24":{"start":{"line":70,"column":4},"end":{"line":70,"column":32}},"25":{"start":{"line":73,"column":2},"end":{"line":75,"column":3}},"26":{"start":{"line":74,"column":4},"end":{"line":74,"column":18}},"27":{"start":{"line":77,"column":2},"end":{"line":77,"column":32}},"28":{"start":{"line":80,"column":0},"end":{"line":85,"column":2}}},"fnMap":{"0":{"name":"authenticateJWT","decl":{"start":{"line":17,"column":9},"end":{"line":17,"column":24}},"loc":{"start":{"line":17,"column":41},"end":{"line":29,"column":1}},"line":17},"1":{"name":"ensureLoggedIn","decl":{"start":{"line":36,"column":9},"end":{"line":36,"column":23}},"loc":{"start":{"line":36,"column":40},"end":{"line":39,"column":1}},"line":36},"2":{"name":"ensureUserIsAdmin","decl":{"start":{"line":45,"column":9},"end":{"line":45,"column":26}},"loc":{"start":{"line":45,"column":43},"end":{"line":59,"column":1}},"line":45},"3":{"name":"ensureAdminOrCurrent","decl":{"start":{"line":62,"column":9},"end":{"line":62,"column":29}},"loc":{"start":{"line":62,"column":46},"end":{"line":78,"column":1}},"line":62}},"branchMap":{"0":{"loc":{"start":{"line":19,"column":2},"end":{"line":27,"column":3}},"type":"if","locations":[{"start":{"line":19,"column":2},"end":{"line":27,"column":3}},{"start":{},"end":{}}],"line":19},"1":{"loc":{"start":{"line":37,"column":2},"end":{"line":37,"column":47}},"type":"if","locations":[{"start":{"line":37,"column":2},"end":{"line":37,"column":47}},{"start":{},"end":{}}],"line":37},"2":{"loc":{"start":{"line":48,"column":2},"end":{"line":50,"column":3}},"type":"if","locations":[{"start":{"line":48,"column":2},"end":{"line":50,"column":3}},{"start":{},"end":{}}],"line":48},"3":{"loc":{"start":{"line":52,"column":2},"end":{"line":54,"column":3}},"type":"if","locations":[{"start":{"line":52,"column":2},"end":{"line":54,"column":3}},{"start":{},"end":{}}],"line":52},"4":{"loc":{"start":{"line":56,"column":2},"end":{"line":56,"column":51}},"type":"if","locations":[{"start":{"line":56,"column":2},"end":{"line":56,"column":51}},{"start":{},"end":{}}],"line":56},"5":{"loc":{"start":{"line":65,"column":2},"end":{"line":67,"column":3}},"type":"if","locations":[{"start":{"line":65,"column":2},"end":{"line":67,"column":3}},{"start":{},"end":{}}],"line":65},"6":{"loc":{"start":{"line":69,"column":2},"end":{"line":71,"column":3}},"type":"if","locations":[{"start":{"line":69,"column":2},"end":{"line":71,"column":3}},{"start":{},"end":{}}],"line":69},"7":{"loc":{"start":{"line":73,"column":2},"end":{"line":75,"column":3}},"type":"if","locations":[{"start":{"line":73,"column":2},"end":{"line":75,"column":3}},{"start":{},"end":{}}],"line":73},"8":{"loc":{"start":{"line":73,"column":6},"end":{"line":73,"column":84}},"type":"binary-expr","locations":[{"start":{"line":73,"column":6},"end":{"line":73,"column":35}},{"start":{"line":73,"column":39},"end":{"line":73,"column":84}}],"line":73}},"s":{"0":6,"1":6,"2":6,"3":85,"4":85,"5":52,"6":52,"7":52,"8":85,"9":3,"10":1,"11":2,"12":41,"13":41,"14":6,"15":35,"16":1,"17":34,"18":24,"19":10,"20":28,"21":28,"22":4,"23":24,"24":1,"25":23,"26":18,"27":5,"28":6},"f":{"0":85,"1":3,"2":41,"3":28},"b":{"0":[52,33],"1":[1,2],"2":[6,35],"3":[1,34],"4":[24,10],"5":[4,24],"6":[1,23],"7":[18,5],"8":[23,12]},"_coverageSchema":"1a1c01bbd47fc00a2c39e90264f33305004495a9","hash":"27aa905c5899a5826b9df19c060069cf34349dd1"}
,"/Users/AshleyLin1/rithm/exercises/jobly/models/_testCommon.js": {"path":"/Users/AshleyLin1/rithm/exercises/jobly/models/_testCommon.js","statementMap":{"0":{"start":{"line":3,"column":15},"end":{"line":3,"column":32}},"1":{"start":{"line":5,"column":11},"end":{"line":5,"column":30}},"2":{"start":{"line":6,"column":31},"end":{"line":6,"column":51}},"3":{"start":{"line":10,"column":2},"end":{"line":10,"column":42}},"4":{"start":{"line":12,"column":2},"end":{"line":12,"column":38}},"5":{"start":{"line":13,"column":2},"end":{"line":13,"column":62}},"6":{"start":{"line":14,"column":2},"end":{"line":14,"column":37}},"7":{"start":{"line":15,"column":2},"end":{"line":15,"column":45}},"8":{"start":{"line":17,"column":2},"end":{"line":21,"column":57}},"9":{"start":{"line":23,"column":2},"end":{"line":37,"column":4}},"10":{"start":{"line":39,"column":2},"end":{"line":43,"column":37}},"11":{"start":{"line":45,"column":2},"end":{"line":48,"column":32}},"12":{"start":{"line":52,"column":2},"end":{"line":52,"column":26}},"13":{"start":{"line":56,"column":2},"end":{"line":56,"column":29}},"14":{"start":{"line":60,"column":2},"end":{"line":60,"column":17}},"15":{"start":{"line":63,"column":0},"end":{"line":68,"column":2}}},"fnMap":{"0":{"name":"commonBeforeAll","decl":{"start":{"line":8,"column":15},"end":{"line":8,"column":30}},"loc":{"start":{"line":8,"column":33},"end":{"line":49,"column":1}},"line":8},"1":{"name":"commonBeforeEach","decl":{"start":{"line":51,"column":15},"end":{"line":51,"column":31}},"loc":{"start":{"line":51,"column":34},"end":{"line":53,"column":1}},"line":51},"2":{"name":"commonAfterEach","decl":{"start":{"line":55,"column":15},"end":{"line":55,"column":30}},"loc":{"start":{"line":55,"column":33},"end":{"line":57,"column":1}},"line":55},"3":{"name":"commonAfterAll","decl":{"start":{"line":59,"column":15},"end":{"line":59,"column":29}},"loc":{"start":{"line":59,"column":32},"end":{"line":61,"column":1}},"line":59}},"branchMap":{},"s":{"0":3,"1":3,"2":3,"3":3,"4":3,"5":3,"6":3,"7":3,"8":3,"9":3,"10":3,"11":3,"12":46,"13":46,"14":3,"15":3},"f":{"0":3,"1":46,"2":46,"3":3},"b":{},"_coverageSchema":"1a1c01bbd47fc00a2c39e90264f33305004495a9","hash":"3ae77d10ad4bdaf173c80d5d1f7cb56114cda8b8"}
,"/Users/AshleyLin1/rithm/exercises/jobly/models/company.js": {"path":"/Users/AshleyLin1/rithm/exercises/jobly/models/company.js","statementMap":{"0":{"start":{"line":3,"column":11},"end":{"line":3,"column":27}},"1":{"start":{"line":4,"column":43},"end":{"line":4,"column":69}},"2":{"start":{"line":5,"column":32},"end":{"line":5,"column":57}},"3":{"start":{"line":6,"column":28},"end":{"line":6,"column":57}},"4":{"start":{"line":22,"column":27},"end":{"line":28,"column":5}},"5":{"start":{"line":30,"column":4},"end":{"line":31,"column":64}},"6":{"start":{"line":31,"column":6},"end":{"line":31,"column":64}},"7":{"start":{"line":33,"column":19},"end":{"line":48,"column":5}},"8":{"start":{"line":49,"column":20},"end":{"line":49,"column":34}},"9":{"start":{"line":51,"column":4},"end":{"line":51,"column":19}},"10":{"start":{"line":63,"column":4},"end":{"line":65,"column":5}},"11":{"start":{"line":64,"column":6},"end":{"line":64,"column":96}},"12":{"start":{"line":67,"column":38},"end":{"line":67,"column":66}},"13":{"start":{"line":69,"column":25},"end":{"line":80,"column":5}},"14":{"start":{"line":82,"column":4},"end":{"line":82,"column":29}},"15":{"start":{"line":94,"column":23},"end":{"line":104,"column":5}},"16":{"start":{"line":106,"column":18},"end":{"line":106,"column":36}},"17":{"start":{"line":108,"column":4},"end":{"line":108,"column":67}},"18":{"start":{"line":108,"column":18},"end":{"line":108,"column":67}},"19":{"start":{"line":110,"column":20},"end":{"line":116,"column":5}},"20":{"start":{"line":118,"column":4},"end":{"line":118,"column":32}},"21":{"start":{"line":120,"column":4},"end":{"line":120,"column":19}},"22":{"start":{"line":136,"column":32},"end":{"line":139,"column":6}},"23":{"start":{"line":140,"column":25},"end":{"line":140,"column":50}},"24":{"start":{"line":142,"column":21},"end":{"line":151,"column":34}},"25":{"start":{"line":152,"column":19},"end":{"line":152,"column":64}},"26":{"start":{"line":153,"column":20},"end":{"line":153,"column":34}},"27":{"start":{"line":155,"column":4},"end":{"line":155,"column":67}},"28":{"start":{"line":155,"column":18},"end":{"line":155,"column":67}},"29":{"start":{"line":157,"column":4},"end":{"line":157,"column":19}},"30":{"start":{"line":166,"column":19},"end":{"line":173,"column":5}},"31":{"start":{"line":174,"column":20},"end":{"line":174,"column":34}},"32":{"start":{"line":176,"column":4},"end":{"line":176,"column":67}},"33":{"start":{"line":176,"column":18},"end":{"line":176,"column":67}},"34":{"start":{"line":180,"column":0},"end":{"line":180,"column":25}}},"fnMap":{"0":{"name":"(anonymous_0)","decl":{"start":{"line":21,"column":2},"end":{"line":21,"column":3}},"loc":{"start":{"line":21,"column":76},"end":{"line":52,"column":3}},"line":21},"1":{"name":"(anonymous_1)","decl":{"start":{"line":62,"column":2},"end":{"line":62,"column":3}},"loc":{"start":{"line":62,"column":36},"end":{"line":83,"column":3}},"line":62},"2":{"name":"(anonymous_2)","decl":{"start":{"line":93,"column":2},"end":{"line":93,"column":3}},"loc":{"start":{"line":93,"column":27},"end":{"line":121,"column":3}},"line":93},"3":{"name":"(anonymous_3)","decl":{"start":{"line":135,"column":2},"end":{"line":135,"column":3}},"loc":{"start":{"line":135,"column":36},"end":{"line":158,"column":3}},"line":135},"4":{"name":"(anonymous_4)","decl":{"start":{"line":165,"column":2},"end":{"line":165,"column":3}},"loc":{"start":{"line":165,"column":30},"end":{"line":177,"column":3}},"line":165}},"branchMap":{"0":{"loc":{"start":{"line":30,"column":4},"end":{"line":31,"column":64}},"type":"if","locations":[{"start":{"line":30,"column":4},"end":{"line":31,"column":64}},{"start":{},"end":{}}],"line":30},"1":{"loc":{"start":{"line":63,"column":4},"end":{"line":65,"column":5}},"type":"if","locations":[{"start":{"line":63,"column":4},"end":{"line":65,"column":5}},{"start":{},"end":{}}],"line":63},"2":{"loc":{"start":{"line":108,"column":4},"end":{"line":108,"column":67}},"type":"if","locations":[{"start":{"line":108,"column":4},"end":{"line":108,"column":67}},{"start":{},"end":{}}],"line":108},"3":{"loc":{"start":{"line":155,"column":4},"end":{"line":155,"column":67}},"type":"if","locations":[{"start":{"line":155,"column":4},"end":{"line":155,"column":67}},{"start":{},"end":{}}],"line":155},"4":{"loc":{"start":{"line":176,"column":4},"end":{"line":176,"column":67}},"type":"if","locations":[{"start":{"line":176,"column":4},"end":{"line":176,"column":67}},{"start":{},"end":{}}],"line":176}},"s":{"0":6,"1":6,"2":6,"3":6,"4":16,"5":16,"6":1,"7":15,"8":15,"9":15,"10":7,"11":1,"12":6,"13":6,"14":6,"15":5,"16":5,"17":5,"18":2,"19":3,"20":3,"21":3,"22":6,"23":5,"24":5,"25":5,"26":5,"27":5,"28":2,"29":3,"30":4,"31":4,"32":4,"33":2,"34":6},"f":{"0":16,"1":7,"2":5,"3":6,"4":4},"b":{"0":[1,15],"1":[1,6],"2":[2,3],"3":[2,3],"4":[2,2]},"_coverageSchema":"1a1c01bbd47fc00a2c39e90264f33305004495a9","hash":"63b15d72eca243e71c8f149b71238fc3e4e77777"}
,"/Users/AshleyLin1/rithm/exercises/jobly/models/jobs.js": {"path":"/Users/AshleyLin1/rithm/exercises/jobly/models/jobs.js","statementMap":{"0":{"start":{"line":3,"column":18},"end":{"line":3,"column":36}},"1":{"start":{"line":4,"column":11},"end":{"line":4,"column":27}},"2":{"start":{"line":5,"column":43},"end":{"line":5,"column":69}},"3":{"start":{"line":6,"column":32},"end":{"line":6,"column":57}},"4":{"start":{"line":7,"column":28},"end":{"line":7,"column":54}},"5":{"start":{"line":24,"column":30},"end":{"line":30,"column":5}},"6":{"start":{"line":32,"column":4},"end":{"line":33,"column":81}},"7":{"start":{"line":33,"column":6},"end":{"line":33,"column":81}},"8":{"start":{"line":35,"column":27},"end":{"line":41,"column":5}},"9":{"start":{"line":43,"column":4},"end":{"line":44,"column":79}},"10":{"start":{"line":44,"column":6},"end":{"line":44,"column":79}},"11":{"start":{"line":46,"column":19},"end":{"line":52,"column":5}},"12":{"start":{"line":53,"column":16},"end":{"line":53,"column":30}},"13":{"start":{"line":55,"column":4},"end":{"line":55,"column":15}},"14":{"start":{"line":68,"column":22},"end":{"line":68,"column":55}},"15":{"start":{"line":70,"column":4},"end":{"line":74,"column":5}},"16":{"start":{"line":71,"column":6},"end":{"line":71,"column":38}},"17":{"start":{"line":72,"column":11},"end":{"line":74,"column":5}},"18":{"start":{"line":73,"column":6},"end":{"line":73,"column":35}},"19":{"start":{"line":76,"column":4},"end":{"line":76,"column":28}},"20":{"start":{"line":78,"column":38},"end":{"line":78,"column":66}},"21":{"start":{"line":80,"column":20},"end":{"line":91,"column":5}},"22":{"start":{"line":93,"column":4},"end":{"line":93,"column":24}},"23":{"start":{"line":105,"column":19},"end":{"line":115,"column":5}},"24":{"start":{"line":117,"column":16},"end":{"line":117,"column":30}},"25":{"start":{"line":119,"column":4},"end":{"line":119,"column":28}},"26":{"start":{"line":121,"column":4},"end":{"line":121,"column":55}},"27":{"start":{"line":121,"column":14},"end":{"line":121,"column":55}},"28":{"start":{"line":123,"column":4},"end":{"line":135,"column":6}},"29":{"start":{"line":150,"column":32},"end":{"line":152,"column":6}},"30":{"start":{"line":153,"column":21},"end":{"line":153,"column":46}},"31":{"start":{"line":155,"column":21},"end":{"line":159,"column":75}},"32":{"start":{"line":161,"column":19},"end":{"line":161,"column":60}},"33":{"start":{"line":162,"column":16},"end":{"line":162,"column":30}},"34":{"start":{"line":164,"column":4},"end":{"line":164,"column":55}},"35":{"start":{"line":164,"column":14},"end":{"line":164,"column":55}},"36":{"start":{"line":166,"column":4},"end":{"line":166,"column":15}},"37":{"start":{"line":175,"column":19},"end":{"line":182,"column":5}},"38":{"start":{"line":183,"column":16},"end":{"line":183,"column":30}},"39":{"start":{"line":185,"column":4},"end":{"line":185,"column":55}},"40":{"start":{"line":185,"column":14},"end":{"line":185,"column":55}},"41":{"start":{"line":189,"column":0},"end":{"line":189,"column":21}}},"fnMap":{"0":{"name":"(anonymous_0)","decl":{"start":{"line":22,"column":2},"end":{"line":22,"column":3}},"loc":{"start":{"line":22,"column":64},"end":{"line":56,"column":3}},"line":22},"1":{"name":"(anonymous_1)","decl":{"start":{"line":67,"column":2},"end":{"line":67,"column":3}},"loc":{"start":{"line":67,"column":36},"end":{"line":94,"column":3}},"line":67},"2":{"name":"(anonymous_2)","decl":{"start":{"line":104,"column":2},"end":{"line":104,"column":3}},"loc":{"start":{"line":104,"column":23},"end":{"line":136,"column":3}},"line":104},"3":{"name":"(anonymous_3)","decl":{"start":{"line":149,"column":2},"end":{"line":149,"column":3}},"loc":{"start":{"line":149,"column":32},"end":{"line":167,"column":3}},"line":149},"4":{"name":"(anonymous_4)","decl":{"start":{"line":174,"column":2},"end":{"line":174,"column":3}},"loc":{"start":{"line":174,"column":26},"end":{"line":186,"column":3}},"line":174}},"branchMap":{"0":{"loc":{"start":{"line":32,"column":4},"end":{"line":33,"column":81}},"type":"if","locations":[{"start":{"line":32,"column":4},"end":{"line":33,"column":81}},{"start":{},"end":{}}],"line":32},"1":{"loc":{"start":{"line":43,"column":4},"end":{"line":44,"column":79}},"type":"if","locations":[{"start":{"line":43,"column":4},"end":{"line":44,"column":79}},{"start":{},"end":{}}],"line":43},"2":{"loc":{"start":{"line":70,"column":4},"end":{"line":74,"column":5}},"type":"if","locations":[{"start":{"line":70,"column":4},"end":{"line":74,"column":5}},{"start":{"line":72,"column":11},"end":{"line":74,"column":5}}],"line":70},"3":{"loc":{"start":{"line":72,"column":11},"end":{"line":74,"column":5}},"type":"if","locations":[{"start":{"line":72,"column":11},"end":{"line":74,"column":5}},{"start":{},"end":{}}],"line":72},"4":{"loc":{"start":{"line":121,"column":4},"end":{"line":121,"column":55}},"type":"if","locations":[{"start":{"line":121,"column":4},"end":{"line":121,"column":55}},{"start":{},"end":{}}],"line":121},"5":{"loc":{"start":{"line":164,"column":4},"end":{"line":164,"column":55}},"type":"if","locations":[{"start":{"line":164,"column":4},"end":{"line":164,"column":55}},{"start":{},"end":{}}],"line":164},"6":{"loc":{"start":{"line":185,"column":4},"end":{"line":185,"column":55}},"type":"if","locations":[{"start":{"line":185,"column":4},"end":{"line":185,"column":55}},{"start":{},"end":{}}],"line":185}},"s":{"0":6,"1":6,"2":6,"3":6,"4":6,"5":18,"6":18,"7":2,"8":16,"9":16,"10":1,"11":15,"12":15,"13":15,"14":6,"15":6,"16":4,"17":2,"18":2,"19":6,"20":6,"21":6,"22":6,"23":4,"24":4,"25":4,"26":4,"27":2,"28":2,"29":6,"30":5,"31":5,"32":5,"33":5,"34":5,"35":2,"36":3,"37":4,"38":4,"39":4,"40":2,"41":6},"f":{"0":18,"1":6,"2":4,"3":6,"4":4},"b":{"0":[2,16],"1":[1,15],"2":[4,2],"3":[2,0],"4":[2,2],"5":[2,3],"6":[2,2]},"_coverageSchema":"1a1c01bbd47fc00a2c39e90264f33305004495a9","hash":"d295af1ecc3e0eb1c6c16a897efc7c32228d23ae"}
,"/Users/AshleyLin1/rithm/exercises/jobly/models/user.js": {"path":"/Users/AshleyLin1/rithm/exercises/jobly/models/user.js","statementMap":{"0":{"start":{"line":3,"column":11},"end":{"line":3,"column":27}},"1":{"start":{"line":4,"column":15},"end":{"line":4,"column":32}},"2":{"start":{"line":5,"column":32},"end":{"line":5,"column":57}},"3":{"start":{"line":10,"column":4},"end":{"line":10,"column":30}},"4":{"start":{"line":12,"column":31},"end":{"line":12,"column":54}},"5":{"start":{"line":26,"column":19},"end":{"line":37,"column":5}},"6":{"start":{"line":39,"column":17},"end":{"line":39,"column":31}},"7":{"start":{"line":41,"column":4},"end":{"line":48,"column":5}},"8":{"start":{"line":43,"column":22},"end":{"line":43,"column":67}},"9":{"start":{"line":44,"column":6},"end":{"line":47,"column":7}},"10":{"start":{"line":45,"column":8},"end":{"line":45,"column":29}},"11":{"start":{"line":46,"column":8},"end":{"line":46,"column":20}},"12":{"start":{"line":50,"column":4},"end":{"line":50,"column":61}},"13":{"start":{"line":68,"column":27},"end":{"line":74,"column":5}},"14":{"start":{"line":76,"column":4},"end":{"line":78,"column":5}},"15":{"start":{"line":77,"column":6},"end":{"line":77,"column":67}},"16":{"start":{"line":80,"column":27},"end":{"line":80,"column":74}},"17":{"start":{"line":82,"column":19},"end":{"line":99,"column":5}},"18":{"start":{"line":101,"column":17},"end":{"line":101,"column":31}},"19":{"start":{"line":103,"column":4},"end":{"line":103,"column":16}},"20":{"start":{"line":112,"column":17},"end":{"line":123,"column":29}},"21":{"start":{"line":125,"column":4},"end":{"line":125,"column":21}},"22":{"start":{"line":137,"column":20},"end":{"line":147,"column":5}},"23":{"start":{"line":149,"column":17},"end":{"line":149,"column":32}},"24":{"start":{"line":151,"column":4},"end":{"line":151,"column":63}},"25":{"start":{"line":151,"column":15},"end":{"line":151,"column":63}},"26":{"start":{"line":153,"column":4},"end":{"line":153,"column":16}},"27":{"start":{"line":174,"column":4},"end":{"line":176,"column":5}},"28":{"start":{"line":175,"column":6},"end":{"line":175,"column":75}},"29":{"start":{"line":178,"column":32},"end":{"line":182,"column":6}},"30":{"start":{"line":183,"column":27},"end":{"line":183,"column":52}},"31":{"start":{"line":185,"column":21},"end":{"line":193,"column":34}},"32":{"start":{"line":194,"column":19},"end":{"line":194,"column":66}},"33":{"start":{"line":195,"column":17},"end":{"line":195,"column":31}},"34":{"start":{"line":197,"column":4},"end":{"line":197,"column":63}},"35":{"start":{"line":197,"column":15},"end":{"line":197,"column":63}},"36":{"start":{"line":199,"column":4},"end":{"line":199,"column":25}},"37":{"start":{"line":200,"column":4},"end":{"line":200,"column":16}},"38":{"start":{"line":206,"column":17},"end":{"line":213,"column":5}},"39":{"start":{"line":214,"column":17},"end":{"line":214,"column":31}},"40":{"start":{"line":216,"column":4},"end":{"line":216,"column":63}},"41":{"start":{"line":216,"column":15},"end":{"line":216,"column":63}},"42":{"start":{"line":228,"column":4},"end":{"line":228,"column":28}},"43":{"start":{"line":230,"column":4},"end":{"line":232,"column":5}},"44":{"start":{"line":231,"column":6},"end":{"line":231,"column":64}},"45":{"start":{"line":234,"column":27},"end":{"line":240,"column":5}},"46":{"start":{"line":242,"column":4},"end":{"line":246,"column":5}},"47":{"start":{"line":243,"column":6},"end":{"line":245,"column":8}},"48":{"start":{"line":248,"column":19},"end":{"line":258,"column":5}},"49":{"start":{"line":260,"column":19},"end":{"line":260,"column":33}},"50":{"start":{"line":262,"column":4},"end":{"line":262,"column":18}},"51":{"start":{"line":266,"column":0},"end":{"line":266,"column":22}}},"fnMap":{"0":{"name":"(anonymous_0)","decl":{"start":{"line":24,"column":2},"end":{"line":24,"column":3}},"loc":{"start":{"line":24,"column":48},"end":{"line":51,"column":3}},"line":24},"1":{"name":"(anonymous_1)","decl":{"start":{"line":60,"column":2},"end":{"line":60,"column":3}},"loc":{"start":{"line":67,"column":5},"end":{"line":104,"column":3}},"line":67},"2":{"name":"(anonymous_2)","decl":{"start":{"line":111,"column":2},"end":{"line":111,"column":3}},"loc":{"start":{"line":111,"column":25},"end":{"line":126,"column":3}},"line":111},"3":{"name":"(anonymous_3)","decl":{"start":{"line":136,"column":2},"end":{"line":136,"column":3}},"loc":{"start":{"line":136,"column":29},"end":{"line":154,"column":3}},"line":136},"4":{"name":"(anonymous_4)","decl":{"start":{"line":173,"column":2},"end":{"line":173,"column":3}},"loc":{"start":{"line":173,"column":38},"end":{"line":201,"column":3}},"line":173},"5":{"name":"(anonymous_5)","decl":{"start":{"line":205,"column":2},"end":{"line":205,"column":3}},"loc":{"start":{"line":205,"column":32},"end":{"line":217,"column":3}},"line":205},"6":{"name":"(anonymous_6)","decl":{"start":{"line":227,"column":2},"end":{"line":227,"column":3}},"loc":{"start":{"line":227,"column":44},"end":{"line":263,"column":3}},"line":227}},"branchMap":{"0":{"loc":{"start":{"line":41,"column":4},"end":{"line":48,"column":5}},"type":"if","locations":[{"start":{"line":41,"column":4},"end":{"line":48,"column":5}},{"start":{},"end":{}}],"line":41},"1":{"loc":{"start":{"line":44,"column":6},"end":{"line":47,"column":7}},"type":"if","locations":[{"start":{"line":44,"column":6},"end":{"line":47,"column":7}},{"start":{},"end":{}}],"line":44},"2":{"loc":{"start":{"line":76,"column":4},"end":{"line":78,"column":5}},"type":"if","locations":[{"start":{"line":76,"column":4},"end":{"line":78,"column":5}},{"start":{},"end":{}}],"line":76},"3":{"loc":{"start":{"line":151,"column":4},"end":{"line":151,"column":63}},"type":"if","locations":[{"start":{"line":151,"column":4},"end":{"line":151,"column":63}},{"start":{},"end":{}}],"line":151},"4":{"loc":{"start":{"line":174,"column":4},"end":{"line":176,"column":5}},"type":"if","locations":[{"start":{"line":174,"column":4},"end":{"line":176,"column":5}},{"start":{},"end":{}}],"line":174},"5":{"loc":{"start":{"line":197,"column":4},"end":{"line":197,"column":63}},"type":"if","locations":[{"start":{"line":197,"column":4},"end":{"line":197,"column":63}},{"start":{},"end":{}}],"line":197},"6":{"loc":{"start":{"line":216,"column":4},"end":{"line":216,"column":63}},"type":"if","locations":[{"start":{"line":216,"column":4},"end":{"line":216,"column":63}},{"start":{},"end":{}}],"line":216},"7":{"loc":{"start":{"line":230,"column":4},"end":{"line":232,"column":5}},"type":"if","locations":[{"start":{"line":230,"column":4},"end":{"line":232,"column":5}},{"start":{},"end":{}}],"line":230},"8":{"loc":{"start":{"line":230,"column":8},"end":{"line":230,"column":64}},"type":"binary-expr","locations":[{"start":{"line":230,"column":8},"end":{"line":230,"column":36}},{"start":{"line":230,"column":40},"end":{"line":230,"column":64}}],"line":230},"9":{"loc":{"start":{"line":242,"column":4},"end":{"line":246,"column":5}},"type":"if","locations":[{"start":{"line":242,"column":4},"end":{"line":246,"column":5}},{"start":{},"end":{}}],"line":242}},"s":{"0":6,"1":6,"2":6,"3":6,"4":6,"5":7,"6":7,"7":7,"8":4,"9":4,"10":3,"11":3,"12":4,"13":19,"14":19,"15":1,"16":18,"17":18,"18":18,"19":18,"20":2,"21":2,"22":6,"23":6,"24":6,"25":2,"26":4,"27":8,"28":2,"29":8,"30":7,"31":7,"32":7,"33":7,"34":7,"35":2,"36":5,"37":5,"38":6,"39":6,"40":6,"41":2,"42":14,"43":14,"44":1,"45":13,"46":13,"47":1,"48":12,"49":12,"50":12,"51":6},"f":{"0":7,"1":19,"2":2,"3":6,"4":8,"5":6,"6":14},"b":{"0":[4,3],"1":[3,1],"2":[1,18],"3":[2,4],"4":[2,6],"5":[2,5],"6":[2,4],"7":[1,13],"8":[14,14],"9":[1,12]},"_coverageSchema":"1a1c01bbd47fc00a2c39e90264f33305004495a9","hash":"c2cd0730541021f0304ad999b0ae45f746ed5eb4"}
,"/Users/AshleyLin1/rithm/exercises/jobly/routes/_testCommon.js": {"path":"/Users/AshleyLin1/rithm/exercises/jobly/routes/_testCommon.js","statementMap":{"0":{"start":{"line":3,"column":11},"end":{"line":3,"column":30}},"1":{"start":{"line":4,"column":13},"end":{"line":4,"column":38}},"2":{"start":{"line":5,"column":16},"end":{"line":5,"column":44}},"3":{"start":{"line":6,"column":12},"end":{"line":6,"column":37}},"4":{"start":{"line":7,"column":24},"end":{"line":7,"column":52}},"5":{"start":{"line":11,"column":2},"end":{"line":11,"column":62}},"6":{"start":{"line":12,"column":2},"end":{"line":12,"column":38}},"7":{"start":{"line":13,"column":2},"end":{"line":13,"column":42}},"8":{"start":{"line":14,"column":2},"end":{"line":14,"column":37}},"9":{"start":{"line":15,"column":2},"end":{"line":15,"column":45}},"10":{"start":{"line":17,"column":2},"end":{"line":23,"column":5}},"11":{"start":{"line":24,"column":2},"end":{"line":30,"column":5}},"12":{"start":{"line":31,"column":2},"end":{"line":37,"column":5}},"13":{"start":{"line":39,"column":2},"end":{"line":44,"column":5}},"14":{"start":{"line":45,"column":2},"end":{"line":50,"column":5}},"15":{"start":{"line":51,"column":2},"end":{"line":56,"column":5}},"16":{"start":{"line":58,"column":2},"end":{"line":65,"column":5}},"17":{"start":{"line":66,"column":2},"end":{"line":73,"column":5}},"18":{"start":{"line":74,"column":2},"end":{"line":81,"column":5}},"19":{"start":{"line":82,"column":2},"end":{"line":82,"column":34}},"20":{"start":{"line":83,"column":2},"end":{"line":83,"column":34}},"21":{"start":{"line":87,"column":2},"end":{"line":87,"column":26}},"22":{"start":{"line":91,"column":2},"end":{"line":91,"column":29}},"23":{"start":{"line":95,"column":2},"end":{"line":95,"column":17}},"24":{"start":{"line":98,"column":22},"end":{"line":98,"column":69}},"25":{"start":{"line":100,"column":19},"end":{"line":100,"column":65}},"26":{"start":{"line":102,"column":0},"end":{"line":109,"column":2}}},"fnMap":{"0":{"name":"commonBeforeAll","decl":{"start":{"line":9,"column":15},"end":{"line":9,"column":30}},"loc":{"start":{"line":9,"column":33},"end":{"line":84,"column":1}},"line":9},"1":{"name":"commonBeforeEach","decl":{"start":{"line":86,"column":15},"end":{"line":86,"column":31}},"loc":{"start":{"line":86,"column":34},"end":{"line":88,"column":1}},"line":86},"2":{"name":"commonAfterEach","decl":{"start":{"line":90,"column":15},"end":{"line":90,"column":30}},"loc":{"start":{"line":90,"column":33},"end":{"line":92,"column":1}},"line":90},"3":{"name":"commonAfterAll","decl":{"start":{"line":94,"column":15},"end":{"line":94,"column":29}},"loc":{"start":{"line":94,"column":32},"end":{"line":96,"column":1}},"line":94}},"branchMap":{},"s":{"0":4,"1":4,"2":4,"3":4,"4":4,"5":4,"6":4,"7":4,"8":4,"9":4,"10":4,"11":4,"12":4,"13":4,"14":4,"15":4,"16":4,"17":4,"18":4,"19":4,"20":4,"21":80,"22":80,"23":4,"24":4,"25":4,"26":4},"f":{"0":4,"1":80,"2":80,"3":4},"b":{},"_coverageSchema":"1a1c01bbd47fc00a2c39e90264f33305004495a9","hash":"0897626ab9b95ab5640369be52e152e6f0b7176b"}
,"/Users/AshleyLin1/rithm/exercises/jobly/routes/auth.js": {"path":"/Users/AshleyLin1/rithm/exercises/jobly/routes/auth.js","statementMap":{"0":{"start":{"line":5,"column":19},"end":{"line":5,"column":40}},"1":{"start":{"line":7,"column":13},"end":{"line":7,"column":38}},"2":{"start":{"line":8,"column":16},"end":{"line":8,"column":34}},"3":{"start":{"line":9,"column":15},"end":{"line":9,"column":35}},"4":{"start":{"line":10,"column":24},"end":{"line":10,"column":52}},"5":{"start":{"line":11,"column":23},"end":{"line":11,"column":58}},"6":{"start":{"line":12,"column":27},"end":{"line":12,"column":66}},"7":{"start":{"line":13,"column":28},"end":{"line":13,"column":54}},"8":{"start":{"line":22,"column":0},"end":{"line":37,"column":3}},"9":{"start":{"line":23,"column":20},"end":{"line":27,"column":3}},"10":{"start":{"line":28,"column":2},"end":{"line":31,"column":3}},"11":{"start":{"line":29,"column":17},"end":{"line":29,"column":51}},"12":{"start":{"line":29,"column":43},"end":{"line":29,"column":50}},"13":{"start":{"line":30,"column":4},"end":{"line":30,"column":36}},"14":{"start":{"line":33,"column":33},"end":{"line":33,"column":41}},"15":{"start":{"line":34,"column":15},"end":{"line":34,"column":58}},"16":{"start":{"line":35,"column":16},"end":{"line":35,"column":33}},"17":{"start":{"line":36,"column":2},"end":{"line":36,"column":29}},"18":{"start":{"line":49,"column":0},"end":{"line":63,"column":3}},"19":{"start":{"line":50,"column":20},"end":{"line":54,"column":3}},"20":{"start":{"line":55,"column":2},"end":{"line":58,"column":3}},"21":{"start":{"line":56,"column":17},"end":{"line":56,"column":51}},"22":{"start":{"line":56,"column":43},"end":{"line":56,"column":50}},"23":{"start":{"line":57,"column":4},"end":{"line":57,"column":36}},"24":{"start":{"line":60,"column":18},"end":{"line":60,"column":70}},"25":{"start":{"line":61,"column":16},"end":{"line":61,"column":36}},"26":{"start":{"line":62,"column":2},"end":{"line":62,"column":41}},"27":{"start":{"line":66,"column":0},"end":{"line":66,"column":24}}},"fnMap":{"0":{"name":"(anonymous_0)","decl":{"start":{"line":22,"column":22},"end":{"line":22,"column":23}},"loc":{"start":{"line":22,"column":54},"end":{"line":37,"column":1}},"line":22},"1":{"name":"(anonymous_1)","decl":{"start":{"line":29,"column":38},"end":{"line":29,"column":39}},"loc":{"start":{"line":29,"column":43},"end":{"line":29,"column":50}},"line":29},"2":{"name":"(anonymous_2)","decl":{"start":{"line":49,"column":25},"end":{"line":49,"column":26}},"loc":{"start":{"line":49,"column":57},"end":{"line":63,"column":1}},"line":49},"3":{"name":"(anonymous_3)","decl":{"start":{"line":56,"column":38},"end":{"line":56,"column":39}},"loc":{"start":{"line":56,"column":43},"end":{"line":56,"column":50}},"line":56}},"branchMap":{"0":{"loc":{"start":{"line":28,"column":2},"end":{"line":31,"column":3}},"type":"if","locations":[{"start":{"line":28,"column":2},"end":{"line":31,"column":3}},{"start":{},"end":{}}],"line":28},"1":{"loc":{"start":{"line":55,"column":2},"end":{"line":58,"column":3}},"type":"if","locations":[{"start":{"line":55,"column":2},"end":{"line":58,"column":3}},{"start":{},"end":{}}],"line":55}},"s":{"0":5,"1":5,"2":5,"3":5,"4":5,"5":5,"6":5,"7":5,"8":5,"9":5,"10":5,"11":2,"12":2,"13":2,"14":3,"15":3,"16":1,"17":1,"18":5,"19":3,"20":3,"21":2,"22":5,"23":2,"24":1,"25":1,"26":1,"27":5},"f":{"0":5,"1":2,"2":3,"3":5},"b":{"0":[2,3],"1":[2,1]},"_coverageSchema":"1a1c01bbd47fc00a2c39e90264f33305004495a9","hash":"9c5ff579b51268e040d5b599552062e9e97fc267"}
,"/Users/AshleyLin1/rithm/exercises/jobly/routes/companies.js": {"path":"/Users/AshleyLin1/rithm/exercises/jobly/routes/companies.js","statementMap":{"0":{"start":{"line":5,"column":19},"end":{"line":5,"column":40}},"1":{"start":{"line":6,"column":16},"end":{"line":6,"column":34}},"2":{"start":{"line":8,"column":28},"end":{"line":8,"column":54}},"3":{"start":{"line":9,"column":46},"end":{"line":9,"column":75}},"4":{"start":{"line":10,"column":16},"end":{"line":10,"column":44}},"5":{"start":{"line":12,"column":25},"end":{"line":12,"column":62}},"6":{"start":{"line":13,"column":28},"end":{"line":13,"column":68}},"7":{"start":{"line":14,"column":28},"end":{"line":14,"column":68}},"8":{"start":{"line":16,"column":15},"end":{"line":16,"column":35}},"9":{"start":{"line":26,"column":0},"end":{"line":40,"column":5}},"10":{"start":{"line":30,"column":22},"end":{"line":32,"column":6}},"11":{"start":{"line":33,"column":4},"end":{"line":36,"column":5}},"12":{"start":{"line":34,"column":19},"end":{"line":34,"column":55}},"13":{"start":{"line":34,"column":47},"end":{"line":34,"column":54}},"14":{"start":{"line":35,"column":6},"end":{"line":35,"column":38}},"15":{"start":{"line":38,"column":20},"end":{"line":38,"column":50}},"16":{"start":{"line":39,"column":4},"end":{"line":39,"column":45}},"17":{"start":{"line":53,"column":0},"end":{"line":83,"column":3}},"18":{"start":{"line":54,"column":22},"end":{"line":54,"column":24}},"19":{"start":{"line":60,"column":2},"end":{"line":77,"column":3}},"20":{"start":{"line":65,"column":4},"end":{"line":67,"column":5}},"21":{"start":{"line":66,"column":6},"end":{"line":66,"column":66}},"22":{"start":{"line":69,"column":22},"end":{"line":71,"column":6}},"23":{"start":{"line":73,"column":4},"end":{"line":76,"column":5}},"24":{"start":{"line":74,"column":19},"end":{"line":74,"column":53}},"25":{"start":{"line":74,"column":45},"end":{"line":74,"column":52}},"26":{"start":{"line":75,"column":6},"end":{"line":75,"column":38}},"27":{"start":{"line":80,"column":20},"end":{"line":80,"column":54}},"28":{"start":{"line":82,"column":2},"end":{"line":82,"column":33}},"29":{"start":{"line":93,"column":0},"end":{"line":96,"column":3}},"30":{"start":{"line":94,"column":18},"end":{"line":94,"column":54}},"31":{"start":{"line":95,"column":2},"end":{"line":95,"column":31}},"32":{"start":{"line":108,"column":0},"end":{"line":122,"column":5}},"33":{"start":{"line":112,"column":22},"end":{"line":114,"column":6}},"34":{"start":{"line":115,"column":4},"end":{"line":118,"column":5}},"35":{"start":{"line":116,"column":19},"end":{"line":116,"column":55}},"36":{"start":{"line":116,"column":47},"end":{"line":116,"column":54}},"37":{"start":{"line":117,"column":6},"end":{"line":117,"column":38}},"38":{"start":{"line":120,"column":20},"end":{"line":120,"column":69}},"39":{"start":{"line":121,"column":4},"end":{"line":121,"column":33}},"40":{"start":{"line":128,"column":0},"end":{"line":134,"column":5}},"41":{"start":{"line":132,"column":4},"end":{"line":132,"column":44}},"42":{"start":{"line":133,"column":4},"end":{"line":133,"column":52}},"43":{"start":{"line":136,"column":0},"end":{"line":136,"column":24}}},"fnMap":{"0":{"name":"(anonymous_0)","decl":{"start":{"line":29,"column":2},"end":{"line":29,"column":3}},"loc":{"start":{"line":29,"column":34},"end":{"line":40,"column":3}},"line":29},"1":{"name":"(anonymous_1)","decl":{"start":{"line":34,"column":40},"end":{"line":34,"column":41}},"loc":{"start":{"line":34,"column":47},"end":{"line":34,"column":54}},"line":34},"2":{"name":"(anonymous_2)","decl":{"start":{"line":53,"column":16},"end":{"line":53,"column":17}},"loc":{"start":{"line":53,"column":48},"end":{"line":83,"column":1}},"line":53},"3":{"name":"(anonymous_3)","decl":{"start":{"line":74,"column":40},"end":{"line":74,"column":41}},"loc":{"start":{"line":74,"column":45},"end":{"line":74,"column":52}},"line":74},"4":{"name":"(anonymous_4)","decl":{"start":{"line":93,"column":23},"end":{"line":93,"column":24}},"loc":{"start":{"line":93,"column":55},"end":{"line":96,"column":1}},"line":93},"5":{"name":"(anonymous_5)","decl":{"start":{"line":111,"column":2},"end":{"line":111,"column":3}},"loc":{"start":{"line":111,"column":34},"end":{"line":122,"column":3}},"line":111},"6":{"name":"(anonymous_6)","decl":{"start":{"line":116,"column":40},"end":{"line":116,"column":41}},"loc":{"start":{"line":116,"column":47},"end":{"line":116,"column":54}},"line":116},"7":{"name":"(anonymous_7)","decl":{"start":{"line":131,"column":2},"end":{"line":131,"column":3}},"loc":{"start":{"line":131,"column":34},"end":{"line":134,"column":3}},"line":131}},"branchMap":{"0":{"loc":{"start":{"line":33,"column":4},"end":{"line":36,"column":5}},"type":"if","locations":[{"start":{"line":33,"column":4},"end":{"line":36,"column":5}},{"start":{},"end":{}}],"line":33},"1":{"loc":{"start":{"line":60,"column":2},"end":{"line":77,"column":3}},"type":"if","locations":[{"start":{"line":60,"column":2},"end":{"line":77,"column":3}},{"start":{},"end":{}}],"line":60},"2":{"loc":{"start":{"line":66,"column":25},"end":{"line":66,"column":65}},"type":"binary-expr","locations":[{"start":{"line":66,"column":25},"end":{"line":66,"column":47}},{"start":{"line":66,"column":51},"end":{"line":66,"column":65}}],"line":66},"3":{"loc":{"start":{"line":73,"column":4},"end":{"line":76,"column":5}},"type":"if","locations":[{"start":{"line":73,"column":4},"end":{"line":76,"column":5}},{"start":{},"end":{}}],"line":73},"4":{"loc":{"start":{"line":115,"column":4},"end":{"line":118,"column":5}},"type":"if","locations":[{"start":{"line":115,"column":4},"end":{"line":118,"column":5}},{"start":{},"end":{}}],"line":115}},"s":{"0":5,"1":5,"2":5,"3":5,"4":5,"5":5,"6":5,"7":5,"8":5,"9":5,"10":3,"11":3,"12":2,"13":3,"14":2,"15":1,"16":1,"17":5,"18":4,"19":4,"20":3,"21":5,"22":3,"23":3,"24":1,"25":2,"26":1,"27":3,"28":2,"29":5,"30":3,"31":2,"32":5,"33":4,"34":4,"35":2,"36":2,"37":2,"38":2,"39":1,"40":5,"41":2,"42":1,"43":5},"f":{"0":3,"1":3,"2":4,"3":2,"4":3,"5":4,"6":2,"7":2},"b":{"0":[2,1],"1":[3,1],"2":[5,1],"3":[1,2],"4":[2,2]},"_coverageSchema":"1a1c01bbd47fc00a2c39e90264f33305004495a9","hash":"d636fb1b03a9e36d037fc9b124d4cb73059532e3"}
,"/Users/AshleyLin1/rithm/exercises/jobly/routes/jobs.js": {"path":"/Users/AshleyLin1/rithm/exercises/jobly/routes/jobs.js","statementMap":{"0":{"start":{"line":5,"column":19},"end":{"line":5,"column":40}},"1":{"start":{"line":6,"column":16},"end":{"line":6,"column":34}},"2":{"start":{"line":8,"column":28},"end":{"line":8,"column":54}},"3":{"start":{"line":9,"column":30},"end":{"line":9,"column":59}},"4":{"start":{"line":10,"column":12},"end":{"line":10,"column":37}},"5":{"start":{"line":12,"column":21},"end":{"line":12,"column":54}},"6":{"start":{"line":13,"column":24},"end":{"line":13,"column":60}},"7":{"start":{"line":14,"column":24},"end":{"line":14,"column":60}},"8":{"start":{"line":16,"column":15},"end":{"line":16,"column":35}},"9":{"start":{"line":26,"column":0},"end":{"line":41,"column":5}},"10":{"start":{"line":30,"column":22},"end":{"line":32,"column":6}},"11":{"start":{"line":34,"column":4},"end":{"line":37,"column":5}},"12":{"start":{"line":35,"column":19},"end":{"line":35,"column":55}},"13":{"start":{"line":35,"column":47},"end":{"line":35,"column":54}},"14":{"start":{"line":36,"column":6},"end":{"line":36,"column":38}},"15":{"start":{"line":39,"column":16},"end":{"line":39,"column":42}},"16":{"start":{"line":40,"column":4},"end":{"line":40,"column":41}},"17":{"start":{"line":55,"column":0},"end":{"line":79,"column":3}},"18":{"start":{"line":56,"column":22},"end":{"line":56,"column":24}},"19":{"start":{"line":59,"column":2},"end":{"line":73,"column":3}},"20":{"start":{"line":61,"column":4},"end":{"line":63,"column":5}},"21":{"start":{"line":62,"column":6},"end":{"line":62,"column":66}},"22":{"start":{"line":65,"column":22},"end":{"line":67,"column":6}},"23":{"start":{"line":69,"column":4},"end":{"line":72,"column":5}},"24":{"start":{"line":70,"column":19},"end":{"line":70,"column":53}},"25":{"start":{"line":70,"column":45},"end":{"line":70,"column":52}},"26":{"start":{"line":71,"column":6},"end":{"line":71,"column":38}},"27":{"start":{"line":76,"column":15},"end":{"line":76,"column":45}},"28":{"start":{"line":78,"column":2},"end":{"line":78,"column":28}},"29":{"start":{"line":89,"column":0},"end":{"line":92,"column":3}},"30":{"start":{"line":90,"column":14},"end":{"line":90,"column":42}},"31":{"start":{"line":91,"column":2},"end":{"line":91,"column":27}},"32":{"start":{"line":104,"column":0},"end":{"line":119,"column":5}},"33":{"start":{"line":108,"column":22},"end":{"line":110,"column":6}},"34":{"start":{"line":112,"column":4},"end":{"line":115,"column":5}},"35":{"start":{"line":113,"column":19},"end":{"line":113,"column":55}},"36":{"start":{"line":113,"column":47},"end":{"line":113,"column":54}},"37":{"start":{"line":114,"column":6},"end":{"line":114,"column":38}},"38":{"start":{"line":117,"column":16},"end":{"line":117,"column":57}},"39":{"start":{"line":118,"column":4},"end":{"line":118,"column":29}},"40":{"start":{"line":125,"column":0},"end":{"line":131,"column":5}},"41":{"start":{"line":129,"column":4},"end":{"line":129,"column":36}},"42":{"start":{"line":130,"column":4},"end":{"line":130,"column":48}},"43":{"start":{"line":133,"column":0},"end":{"line":133,"column":24}}},"fnMap":{"0":{"name":"(anonymous_0)","decl":{"start":{"line":29,"column":2},"end":{"line":29,"column":3}},"loc":{"start":{"line":29,"column":34},"end":{"line":41,"column":3}},"line":29},"1":{"name":"(anonymous_1)","decl":{"start":{"line":35,"column":40},"end":{"line":35,"column":41}},"loc":{"start":{"line":35,"column":47},"end":{"line":35,"column":54}},"line":35},"2":{"name":"(anonymous_2)","decl":{"start":{"line":55,"column":16},"end":{"line":55,"column":17}},"loc":{"start":{"line":55,"column":48},"end":{"line":79,"column":1}},"line":55},"3":{"name":"(anonymous_3)","decl":{"start":{"line":70,"column":40},"end":{"line":70,"column":41}},"loc":{"start":{"line":70,"column":45},"end":{"line":70,"column":52}},"line":70},"4":{"name":"(anonymous_4)","decl":{"start":{"line":89,"column":19},"end":{"line":89,"column":20}},"loc":{"start":{"line":89,"column":51},"end":{"line":92,"column":1}},"line":89},"5":{"name":"(anonymous_5)","decl":{"start":{"line":107,"column":2},"end":{"line":107,"column":3}},"loc":{"start":{"line":107,"column":34},"end":{"line":119,"column":3}},"line":107},"6":{"name":"(anonymous_6)","decl":{"start":{"line":113,"column":40},"end":{"line":113,"column":41}},"loc":{"start":{"line":113,"column":47},"end":{"line":113,"column":54}},"line":113},"7":{"name":"(anonymous_7)","decl":{"start":{"line":128,"column":2},"end":{"line":128,"column":3}},"loc":{"start":{"line":128,"column":34},"end":{"line":131,"column":3}},"line":128}},"branchMap":{"0":{"loc":{"start":{"line":34,"column":4},"end":{"line":37,"column":5}},"type":"if","locations":[{"start":{"line":34,"column":4},"end":{"line":37,"column":5}},{"start":{},"end":{}}],"line":34},"1":{"loc":{"start":{"line":59,"column":2},"end":{"line":73,"column":3}},"type":"if","locations":[{"start":{"line":59,"column":2},"end":{"line":73,"column":3}},{"start":{},"end":{}}],"line":59},"2":{"loc":{"start":{"line":62,"column":25},"end":{"line":62,"column":65}},"type":"binary-expr","locations":[{"start":{"line":62,"column":25},"end":{"line":62,"column":47}},{"start":{"line":62,"column":51},"end":{"line":62,"column":65}}],"line":62},"3":{"loc":{"start":{"line":69,"column":4},"end":{"line":72,"column":5}},"type":"if","locations":[{"start":{"line":69,"column":4},"end":{"line":72,"column":5}},{"start":{},"end":{}}],"line":69},"4":{"loc":{"start":{"line":112,"column":4},"end":{"line":115,"column":5}},"type":"if","locations":[{"start":{"line":112,"column":4},"end":{"line":115,"column":5}},{"start":{},"end":{}}],"line":112}},"s":{"0":5,"1":5,"2":5,"3":5,"4":5,"5":5,"6":5,"7":5,"8":5,"9":5,"10":4,"11":4,"12":2,"13":4,"14":2,"15":2,"16":1,"17":5,"18":3,"19":3,"20":2,"21":4,"22":2,"23":2,"24":1,"25":2,"26":1,"27":2,"28":2,"29":5,"30":2,"31":1,"32":5,"33":3,"34":3,"35":1,"36":1,"37":1,"38":2,"39":1,"40":5,"41":2,"42":1,"43":5},"f":{"0":4,"1":4,"2":3,"3":2,"4":2,"5":3,"6":1,"7":2},"b":{"0":[2,2],"1":[2,1],"2":[4,2],"3":[1,1],"4":[1,2]},"_coverageSchema":"1a1c01bbd47fc00a2c39e90264f33305004495a9","hash":"a2d5b70d66d00b1841d68e8c22a1bfcc2946de02"}
,"/Users/AshleyLin1/rithm/exercises/jobly/routes/users.js": {"path":"/Users/AshleyLin1/rithm/exercises/jobly/routes/users.js","statementMap":{"0":{"start":{"line":5,"column":19},"end":{"line":5,"column":40}},"1":{"start":{"line":7,"column":16},"end":{"line":7,"column":34}},"2":{"start":{"line":12,"column":4},"end":{"line":12,"column":33}},"3":{"start":{"line":13,"column":28},"end":{"line":13,"column":54}},"4":{"start":{"line":14,"column":13},"end":{"line":14,"column":38}},"5":{"start":{"line":15,"column":24},"end":{"line":15,"column":52}},"6":{"start":{"line":16,"column":22},"end":{"line":16,"column":56}},"7":{"start":{"line":17,"column":25},"end":{"line":17,"column":62}},"8":{"start":{"line":19,"column":15},"end":{"line":19,"column":31}},"9":{"start":{"line":33,"column":0},"end":{"line":49,"column":2}},"10":{"start":{"line":37,"column":22},"end":{"line":39,"column":6}},"11":{"start":{"line":40,"column":4},"end":{"line":43,"column":5}},"12":{"start":{"line":41,"column":19},"end":{"line":41,"column":55}},"13":{"start":{"line":41,"column":47},"end":{"line":41,"column":54}},"14":{"start":{"line":42,"column":6},"end":{"line":42,"column":38}},"15":{"start":{"line":45,"column":17},"end":{"line":45,"column":46}},"16":{"start":{"line":46,"column":18},"end":{"line":46,"column":35}},"17":{"start":{"line":47,"column":4},"end":{"line":47,"column":49}},"18":{"start":{"line":59,"column":0},"end":{"line":66,"column":2}},"19":{"start":{"line":63,"column":18},"end":{"line":63,"column":38}},"20":{"start":{"line":64,"column":4},"end":{"line":64,"column":31}},"21":{"start":{"line":76,"column":0},"end":{"line":83,"column":2}},"22":{"start":{"line":80,"column":17},"end":{"line":80,"column":52}},"23":{"start":{"line":81,"column":4},"end":{"line":81,"column":30}},"24":{"start":{"line":96,"column":0},"end":{"line":110,"column":5}},"25":{"start":{"line":100,"column":22},"end":{"line":102,"column":6}},"26":{"start":{"line":103,"column":4},"end":{"line":106,"column":5}},"27":{"start":{"line":104,"column":19},"end":{"line":104,"column":55}},"28":{"start":{"line":104,"column":47},"end":{"line":104,"column":54}},"29":{"start":{"line":105,"column":6},"end":{"line":105,"column":38}},"30":{"start":{"line":108,"column":17},"end":{"line":108,"column":65}},"31":{"start":{"line":109,"column":4},"end":{"line":109,"column":30}},"32":{"start":{"line":118,"column":0},"end":{"line":124,"column":5}},"33":{"start":{"line":122,"column":4},"end":{"line":122,"column":43}},"34":{"start":{"line":123,"column":4},"end":{"line":123,"column":54}},"35":{"start":{"line":134,"column":0},"end":{"line":143,"column":2}},"36":{"start":{"line":138,"column":29},"end":{"line":138,"column":39}},"37":{"start":{"line":140,"column":19},"end":{"line":140,"column":55}},"38":{"start":{"line":141,"column":4},"end":{"line":141,"column":59}},"39":{"start":{"line":145,"column":0},"end":{"line":145,"column":24}}},"fnMap":{"0":{"name":"(anonymous_0)","decl":{"start":{"line":36,"column":2},"end":{"line":36,"column":3}},"loc":{"start":{"line":36,"column":34},"end":{"line":48,"column":3}},"line":36},"1":{"name":"(anonymous_1)","decl":{"start":{"line":41,"column":40},"end":{"line":41,"column":41}},"loc":{"start":{"line":41,"column":47},"end":{"line":41,"column":54}},"line":41},"2":{"name":"(anonymous_2)","decl":{"start":{"line":62,"column":2},"end":{"line":62,"column":3}},"loc":{"start":{"line":62,"column":34},"end":{"line":65,"column":3}},"line":62},"3":{"name":"(anonymous_3)","decl":{"start":{"line":79,"column":2},"end":{"line":79,"column":3}},"loc":{"start":{"line":79,"column":34},"end":{"line":82,"column":3}},"line":79},"4":{"name":"(anonymous_4)","decl":{"start":{"line":99,"column":2},"end":{"line":99,"column":3}},"loc":{"start":{"line":99,"column":34},"end":{"line":110,"column":3}},"line":99},"5":{"name":"(anonymous_5)","decl":{"start":{"line":104,"column":40},"end":{"line":104,"column":41}},"loc":{"start":{"line":104,"column":47},"end":{"line":104,"column":54}},"line":104},"6":{"name":"(anonymous_6)","decl":{"start":{"line":121,"column":2},"end":{"line":121,"column":3}},"loc":{"start":{"line":121,"column":34},"end":{"line":124,"column":3}},"line":121},"7":{"name":"(anonymous_7)","decl":{"start":{"line":137,"column":2},"end":{"line":137,"column":3}},"loc":{"start":{"line":137,"column":34},"end":{"line":142,"column":3}},"line":137}},"branchMap":{"0":{"loc":{"start":{"line":40,"column":4},"end":{"line":43,"column":5}},"type":"if","locations":[{"start":{"line":40,"column":4},"end":{"line":43,"column":5}},{"start":{},"end":{}}],"line":40},"1":{"loc":{"start":{"line":103,"column":4},"end":{"line":106,"column":5}},"type":"if","locations":[{"start":{"line":103,"column":4},"end":{"line":106,"column":5}},{"start":{},"end":{}}],"line":103}},"s":{"0":5,"1":5,"2":5,"3":5,"4":5,"5":5,"6":5,"7":5,"8":5,"9":5,"10":4,"11":4,"12":2,"13":5,"14":2,"15":2,"16":2,"17":2,"18":5,"19":1,"20":1,"21":5,"22":4,"23":3,"24":5,"25":5,"26":5,"27":1,"28":1,"29":1,"30":4,"31":3,"32":5,"33":4,"34":3,"35":5,"36":3,"37":3,"38":2,"39":5},"f":{"0":4,"1":5,"2":1,"3":4,"4":5,"5":1,"6":4,"7":3},"b":{"0":[2,2],"1":[1,4]},"_coverageSchema":"1a1c01bbd47fc00a2c39e90264f33305004495a9","hash":"5300c9d7028b71de055065e6215f87d62fefe7b3"}
}
