TN:
SF:app.js
FN:31,(anonymous_0)
FN:36,(anonymous_1)
FNF:2
FNH:2
FNDA:2,(anonymous_0)
FNDA:53,(anonymous_1)
DA:5,5
DA:6,5
DA:8,5
DA:10,5
DA:11,5
DA:12,5
DA:13,5
DA:14,5
DA:16,5
DA:18,5
DA:20,5
DA:21,5
DA:22,5
DA:23,5
DA:25,5
DA:26,5
DA:27,5
DA:28,5
DA:31,5
DA:32,2
DA:36,5
DA:37,53
DA:38,53
DA:39,53
DA:41,53
DA:46,5
LF:26
LH:26
BRDA:37,0,0,1
BRDA:37,0,1,52
BRDA:38,1,0,53
BRDA:38,1,1,0
BRF:4
BRH:3
end_of_record
TN:
SF:config.js
FN:13,getDatabaseUri
FNF:1
FNH:1
FNDA:22,getDatabaseUri
DA:5,11
DA:6,11
DA:8,11
DA:10,11
DA:14,22
DA:22,11
DA:24,11
DA:25,11
DA:26,11
DA:27,11
DA:28,11
DA:29,11
DA:31,11
LF:13
LH:13
BRDA:8,0,0,11
BRDA:8,0,1,0
BRDA:10,1,0,11
BRDA:10,1,1,0
BRDA:14,2,0,19
BRDA:14,2,1,3
BRDA:16,3,0,3
BRDA:16,3,1,1
BRDA:22,4,0,10
BRDA:22,4,1,1
BRF:10
BRH:8
end_of_record
TN:
SF:db.js
FNF:0
FNH:0
DA:5,8
DA:6,8
DA:8,8
DA:12,8
DA:14,8
LF:5
LH:5
BRF:0
BRH:0
end_of_record
TN:
SF:expressError.js
FN:10,(anonymous_0)
FN:20,(anonymous_1)
FN:28,(anonymous_2)
FN:36,(anonymous_3)
FN:44,(anonymous_4)
FNF:5
FNH:4
FNDA:81,(anonymous_0)
FNDA:22,(anonymous_1)
FNDA:31,(anonymous_2)
FNDA:28,(anonymous_3)
FNDA:0,(anonymous_4)
DA:11,81
DA:12,81
DA:13,81
DA:21,22
DA:29,31
DA:37,28
DA:45,0
DA:49,10
LF:8
LH:7
BRDA:20,0,0,2
BRDA:28,1,0,27
BRDA:36,2,0,2
BRDA:44,3,0,0
BRF:4
BRH:3
end_of_record
TN:
SF:helpers/company.js
FN:16,queryToWhereSQL
FN:20,(anonymous_1)
FNF:2
FNH:2
FNDA:6,queryToWhereSQL
FNDA:6,(anonymous_1)
DA:17,6
DA:18,6
DA:20,6
DA:22,6
DA:23,2
DA:24,2
DA:25,2
DA:26,4
DA:27,2
DA:28,2
DA:29,2
DA:30,2
DA:31,2
DA:36,6
DA:40,6
DA:46,6
LF:16
LH:16
BRDA:22,0,0,2
BRDA:22,0,1,4
BRDA:26,1,0,2
BRDA:26,1,1,2
BRDA:29,2,0,2
BRDA:29,2,1,0
BRDA:36,3,0,2
BRDA:36,3,1,4
BRF:8
BRH:7
end_of_record
TN:
SF:helpers/jobs.js
FN:16,queryToWhereSQL
FN:20,(anonymous_1)
FNF:2
FNH:2
FNDA:6,queryToWhereSQL
FNDA:10,(anonymous_1)
DA:17,6
DA:18,6
DA:20,6
DA:22,10
DA:23,4
DA:24,4
DA:25,6
DA:26,4
DA:27,4
DA:28,2
DA:29,2
DA:30,2
DA:35,6
DA:39,6
DA:45,6
LF:15
LH:15
BRDA:22,0,0,4
BRDA:22,0,1,6
BRDA:25,1,0,4
BRDA:25,1,1,2
BRDA:28,2,0,2
BRDA:28,2,1,0
BRDA:35,3,0,2
BRDA:35,3,1,4
BRF:8
BRH:7
end_of_record
TN:
SF:helpers/sql.js
FN:18,sqlForPartialUpdate
FN:23,(anonymous_1)
FNF:2
FNH:2
FNDA:22,sqlForPartialUpdate
FNDA:40,(anonymous_1)
DA:3,9
DA:19,22
DA:20,22
DA:22,18
DA:23,40
DA:26,18
DA:32,9
LF:7
LH:7
BRDA:20,0,0,4
BRDA:20,0,1,18
BRDA:23,1,0,40
BRDA:23,1,1,23
BRF:4
BRH:4
end_of_record
TN:
SF:helpers/tokens.js
FN:8,createToken
FNF:1
FNH:1
FNDA:15,createToken
DA:3,6
DA:4,6
DA:9,15
DA:12,15
DA:17,15
DA:20,6
LF:6
LH:6
BRDA:14,0,0,15
BRDA:14,0,1,9
BRF:2
BRH:2
end_of_record
TN:
SF:middleware/auth.js
FN:17,authenticateJWT
FN:36,ensureLoggedIn
FN:45,ensureUserIsAdmin
FN:62,ensureAdminOrCurrent
FNF:4
FNH:4
FNDA:85,authenticateJWT
FNDA:3,ensureLoggedIn
FNDA:41,ensureUserIsAdmin
FNDA:28,ensureAdminOrCurrent
DA:5,6
DA:6,6
DA:7,6
DA:18,85
DA:19,85
DA:20,52
DA:22,52
DA:23,52
DA:28,85
DA:37,3
DA:38,2
DA:46,41
DA:48,41
DA:49,6
DA:52,35
DA:53,1
DA:56,34
DA:58,10
DA:63,28
DA:65,28
DA:66,4
DA:69,24
DA:70,1
DA:73,23
DA:74,18
DA:77,5
DA:80,6
LF:27
LH:27
BRDA:19,0,0,52
BRDA:19,0,1,33
BRDA:37,1,0,1
BRDA:37,1,1,2
BRDA:48,2,0,6
BRDA:48,2,1,35
BRDA:52,3,0,1
BRDA:52,3,1,34
BRDA:56,4,0,24
BRDA:56,4,1,10
BRDA:65,5,0,4
BRDA:65,5,1,24
BRDA:69,6,0,1
BRDA:69,6,1,23
BRDA:73,7,0,18
BRDA:73,7,1,5
BRDA:73,8,0,23
BRDA:73,8,1,12
BRF:18
BRH:18
end_of_record
TN:
SF:models/_testCommon.js
FN:8,commonBeforeAll
FN:51,commonBeforeEach
FN:55,commonAfterEach
FN:59,commonAfterAll
FNF:4
FNH:4
FNDA:3,commonBeforeAll
FNDA:46,commonBeforeEach
FNDA:46,commonAfterEach
FNDA:3,commonAfterAll
DA:3,3
DA:5,3
DA:6,3
DA:10,3
DA:12,3
DA:13,3
DA:14,3
DA:15,3
DA:17,3
DA:23,3
DA:39,3
DA:45,3
DA:52,46
DA:56,46
DA:60,3
DA:63,3
LF:16
LH:16
BRF:0
BRH:0
end_of_record
TN:
SF:models/company.js
FN:21,(anonymous_0)
FN:62,(anonymous_1)
FN:93,(anonymous_2)
FN:135,(anonymous_3)
FN:165,(anonymous_4)
FNF:5
FNH:5
FNDA:16,(anonymous_0)
FNDA:7,(anonymous_1)
FNDA:5,(anonymous_2)
FNDA:6,(anonymous_3)
FNDA:4,(anonymous_4)
DA:3,6
DA:4,6
DA:5,6
DA:6,6
DA:22,16
DA:30,16
DA:31,1
DA:33,15
DA:49,15
DA:51,15
DA:63,7
DA:64,1
DA:67,6
DA:69,6
DA:82,6
DA:94,5
DA:106,5
DA:108,5
DA:110,3
DA:118,3
DA:120,3
DA:136,6
DA:140,5
DA:142,5
DA:152,5
DA:153,5
DA:155,5
DA:157,3
DA:166,4
DA:174,4
DA:176,4
DA:180,6
LF:32
LH:32
BRDA:30,0,0,1
BRDA:30,0,1,15
BRDA:63,1,0,1
BRDA:63,1,1,6
BRDA:108,2,0,2
BRDA:108,2,1,3
BRDA:155,3,0,2
BRDA:155,3,1,3
BRDA:176,4,0,2
BRDA:176,4,1,2
BRF:10
BRH:10
end_of_record
TN:
SF:models/jobs.js
FN:22,(anonymous_0)
FN:67,(anonymous_1)
FN:104,(anonymous_2)
FN:149,(anonymous_3)
FN:174,(anonymous_4)
FNF:5
FNH:5
FNDA:18,(anonymous_0)
FNDA:6,(anonymous_1)
FNDA:4,(anonymous_2)
FNDA:6,(anonymous_3)
FNDA:4,(anonymous_4)
DA:3,6
DA:4,6
DA:5,6
DA:6,6
DA:7,6
DA:24,18
DA:32,18
DA:33,2
DA:35,16
DA:43,16
DA:44,1
DA:46,15
DA:53,15
DA:55,15
DA:68,6
DA:70,6
DA:71,4
DA:72,2
DA:73,2
DA:76,6
DA:78,6
DA:80,6
DA:93,6
DA:105,4
DA:117,4
DA:119,4
DA:121,4
DA:123,2
DA:150,6
DA:153,5
DA:155,5
DA:161,5
DA:162,5
DA:164,5
DA:166,3
DA:175,4
DA:183,4
DA:185,4
DA:189,6
LF:39
LH:39
BRDA:32,0,0,2
BRDA:32,0,1,16
BRDA:43,1,0,1
BRDA:43,1,1,15
BRDA:70,2,0,4
BRDA:70,2,1,2
BRDA:72,3,0,2
BRDA:72,3,1,0
BRDA:121,4,0,2
BRDA:121,4,1,2
BRDA:164,5,0,2
BRDA:164,5,1,3
BRDA:185,6,0,2
BRDA:185,6,1,2
BRF:14
BRH:13
end_of_record
TN:
SF:models/user.js
FN:24,(anonymous_0)
FN:60,(anonymous_1)
FN:111,(anonymous_2)
FN:136,(anonymous_3)
FN:173,(anonymous_4)
FN:205,(anonymous_5)
FN:227,(anonymous_6)
FNF:7
FNH:7
FNDA:7,(anonymous_0)
FNDA:19,(anonymous_1)
FNDA:2,(anonymous_2)
FNDA:6,(anonymous_3)
FNDA:8,(anonymous_4)
FNDA:6,(anonymous_5)
FNDA:14,(anonymous_6)
DA:3,6
DA:4,6
DA:5,6
DA:10,6
DA:12,6
DA:26,7
DA:39,7
DA:41,7
DA:43,4
DA:44,4
DA:45,3
DA:46,3
DA:50,4
DA:68,19
DA:76,19
DA:77,1
DA:80,18
DA:82,18
DA:101,18
DA:103,18
DA:112,2
DA:125,2
DA:137,6
DA:149,6
DA:151,6
DA:153,4
DA:174,8
DA:175,2
DA:178,8
DA:183,7
DA:185,7
DA:194,7
DA:195,7
DA:197,7
DA:199,5
DA:200,5
DA:206,6
DA:214,6
DA:216,6
DA:228,14
DA:230,14
DA:231,1
DA:234,13
DA:242,13
DA:243,1
DA:248,12
DA:260,12
DA:262,12
DA:266,6
LF:49
LH:49
BRDA:41,0,0,4
BRDA:41,0,1,3
BRDA:44,1,0,3
BRDA:44,1,1,1
BRDA:76,2,0,1
BRDA:76,2,1,18
BRDA:151,3,0,2
BRDA:151,3,1,4
BRDA:174,4,0,2
BRDA:174,4,1,6
BRDA:197,5,0,2
BRDA:197,5,1,5
BRDA:216,6,0,2
BRDA:216,6,1,4
BRDA:230,7,0,1
BRDA:230,7,1,13
BRDA:230,8,0,14
BRDA:230,8,1,14
BRDA:242,9,0,1
BRDA:242,9,1,12
BRF:20
BRH:20
end_of_record
TN:
SF:routes/_testCommon.js
FN:9,commonBeforeAll
FN:86,commonBeforeEach
FN:90,commonAfterEach
FN:94,commonAfterAll
FNF:4
FNH:4
FNDA:4,commonBeforeAll
FNDA:80,commonBeforeEach
FNDA:80,commonAfterEach
FNDA:4,commonAfterAll
DA:3,4
DA:4,4
DA:5,4
DA:6,4
DA:7,4
DA:11,4
DA:12,4
DA:13,4
DA:14,4
DA:15,4
DA:17,4
DA:24,4
DA:31,4
DA:39,4
DA:45,4
DA:51,4
DA:58,4
DA:66,4
DA:74,4
DA:82,4
DA:83,4
DA:87,80
DA:91,80
DA:95,4
DA:98,4
DA:100,4
DA:102,4
LF:27
LH:27
BRF:0
BRH:0
end_of_record
TN:
SF:routes/auth.js
FN:22,(anonymous_0)
FN:29,(anonymous_1)
FN:49,(anonymous_2)
FN:56,(anonymous_3)
FNF:4
FNH:4
FNDA:5,(anonymous_0)
FNDA:2,(anonymous_1)
FNDA:3,(anonymous_2)
FNDA:5,(anonymous_3)
DA:5,5
DA:7,5
DA:8,5
DA:9,5
DA:10,5
DA:11,5
DA:12,5
DA:13,5
DA:22,5
DA:23,5
DA:28,5
DA:29,2
DA:30,2
DA:33,3
DA:34,3
DA:35,1
DA:36,1
DA:49,5
DA:50,3
DA:55,3
DA:56,5
DA:57,2
DA:60,1
DA:61,1
DA:62,1
DA:66,5
LF:26
LH:26
BRDA:28,0,0,2
BRDA:28,0,1,3
BRDA:55,1,0,2
BRDA:55,1,1,1
BRF:4
BRH:4
end_of_record
TN:
SF:routes/companies.js
FN:29,(anonymous_0)
FN:34,(anonymous_1)
FN:53,(anonymous_2)
FN:74,(anonymous_3)
FN:93,(anonymous_4)
FN:111,(anonymous_5)
FN:116,(anonymous_6)
FN:131,(anonymous_7)
FNF:8
FNH:8
FNDA:3,(anonymous_0)
FNDA:3,(anonymous_1)
FNDA:4,(anonymous_2)
FNDA:2,(anonymous_3)
FNDA:3,(anonymous_4)
FNDA:4,(anonymous_5)
FNDA:2,(anonymous_6)
FNDA:2,(anonymous_7)
DA:5,5
DA:6,5
DA:8,5
DA:9,5
DA:10,5
DA:12,5
DA:13,5
DA:14,5
DA:16,5
DA:26,5
DA:30,3
DA:33,3
DA:34,3
DA:35,2
DA:38,1
DA:39,1
DA:53,5
DA:54,4
DA:60,4
DA:65,3
DA:66,5
DA:69,3
DA:73,3
DA:74,2
DA:75,1
DA:80,3
DA:82,2
DA:93,5
DA:94,3
DA:95,2
DA:108,5
DA:112,4
DA:115,4
DA:116,2
DA:117,2
DA:120,2
DA:121,1
DA:128,5
DA:132,2
DA:133,1
DA:136,5
LF:41
LH:41
BRDA:33,0,0,2
BRDA:33,0,1,1
BRDA:60,1,0,3
BRDA:60,1,1,1
BRDA:66,2,0,5
BRDA:66,2,1,1
BRDA:73,3,0,1
BRDA:73,3,1,2
BRDA:115,4,0,2
BRDA:115,4,1,2
BRF:10
BRH:10
end_of_record
TN:
SF:routes/jobs.js
FN:29,(anonymous_0)
FN:35,(anonymous_1)
FN:55,(anonymous_2)
FN:70,(anonymous_3)
FN:89,(anonymous_4)
FN:107,(anonymous_5)
FN:113,(anonymous_6)
FN:128,(anonymous_7)
FNF:8
FNH:8
FNDA:4,(anonymous_0)
FNDA:4,(anonymous_1)
FNDA:3,(anonymous_2)
FNDA:2,(anonymous_3)
FNDA:2,(anonymous_4)
FNDA:3,(anonymous_5)
FNDA:1,(anonymous_6)
FNDA:2,(anonymous_7)
DA:5,5
DA:6,5
DA:8,5
DA:9,5
DA:10,5
DA:12,5
DA:13,5
DA:14,5
DA:16,5
DA:26,5
DA:30,4
DA:34,4
DA:35,4
DA:36,2
DA:39,2
DA:40,1
DA:55,5
DA:56,3
DA:59,3
DA:61,2
DA:62,4
DA:65,2
DA:69,2
DA:70,2
DA:71,1
DA:76,2
DA:78,2
DA:89,5
DA:90,2
DA:91,1
DA:104,5
DA:108,3
DA:112,3
DA:113,1
DA:114,1
DA:117,2
DA:118,1
DA:125,5
DA:129,2
DA:130,1
DA:133,5
LF:41
LH:41
BRDA:34,0,0,2
BRDA:34,0,1,2
BRDA:59,1,0,2
BRDA:59,1,1,1
BRDA:62,2,0,4
BRDA:62,2,1,2
BRDA:69,3,0,1
BRDA:69,3,1,1
BRDA:112,4,0,1
BRDA:112,4,1,2
BRF:10
BRH:10
end_of_record
TN:
SF:routes/users.js
FN:36,(anonymous_0)
FN:41,(anonymous_1)
FN:62,(anonymous_2)
FN:79,(anonymous_3)
FN:99,(anonymous_4)
FN:104,(anonymous_5)
FN:121,(anonymous_6)
FN:137,(anonymous_7)
FNF:8
FNH:8
FNDA:4,(anonymous_0)
FNDA:5,(anonymous_1)
FNDA:1,(anonymous_2)
FNDA:4,(anonymous_3)
FNDA:5,(anonymous_4)
FNDA:1,(anonymous_5)
FNDA:4,(anonymous_6)
FNDA:3,(anonymous_7)
DA:5,5
DA:7,5
DA:12,5
DA:13,5
DA:14,5
DA:15,5
DA:16,5
DA:17,5
DA:19,5
DA:33,5
DA:37,4
DA:40,4
DA:41,5
DA:42,2
DA:45,2
DA:46,2
DA:47,2
DA:59,5
DA:63,1
DA:64,1
DA:76,5
DA:80,4
DA:81,3
DA:96,5
DA:100,5
DA:103,5
DA:104,1
DA:105,1
DA:108,4
DA:109,3
DA:118,5
DA:122,4
DA:123,3
DA:134,5
DA:138,3
DA:140,3
DA:141,2
DA:145,5
LF:38
LH:38
BRDA:40,0,0,2
BRDA:40,0,1,2
BRDA:103,1,0,1
BRDA:103,1,1,4
BRF:4
BRH:4
end_of_record
